2025-04-04 11:29:46 [INFO] - ================================================================================
2025-04-04 11:29:46 [INFO] - DÉMARRAGE DE L'IMPORTATION D'ANIMÉS
2025-04-04 11:29:46 [INFO] - ================================================================================
2025-04-04 11:29:46 [INFO] - Connexion à la base de données 'zielinski-olivier' établie avec succès
2025-04-04 11:29:46 [INFO] - 1736 animés déjà présents dans la base de données.
2025-04-04 11:29:46 [INFO] - Cache configuré dans le répertoire: cache
2025-04-04 11:29:46 [INFO] - ==================================================
2025-04-04 11:29:46 [INFO] - CONFIGURATION:
2025-04-04 11:29:46 [INFO] -   - Page de départ: 1
2025-04-04 11:29:46 [INFO] -   - Page de fin: Non spécifiée (va jusqu'à la fin)
2025-04-04 11:29:46 [INFO] -   - Filtre contenu adulte: Activé
2025-04-04 11:29:46 [INFO] -   - Recherche détaillée des créateurs: Activée
2025-04-04 11:29:46 [INFO] -   - Taille des lots d'insertion: 10
2025-04-04 11:29:46 [INFO] -   - Cache des requêtes API: cache
2025-04-04 11:29:46 [INFO] - ==================================================
2025-04-04 11:29:46 [INFO] - DÉMARRAGE DE L'AJOUT DES ANIMÉS...
2025-04-04 11:29:46 [INFO] - Traitement de la page 1
2025-04-04 11:29:46 [INFO] - Traitement de la page 1
2025-04-04 11:29:46 [INFO] - Page 1 - Catégorie: TRENDING
2025-04-04 11:29:46 [INFO] - Vérification des IDs existants: 1736 animes en base
2025-04-04 11:29:46 [INFO] - Tentative 1/3 pour la catégorie 'trending'
2025-04-04 11:29:46 [INFO] - Traitement de 25 animes dans la catégorie 'trending'
2025-04-04 11:29:46 [INFO] - Catégorie 'trending' - page traitée avec succès: 0 ajoutés, 25 ignorés, 0 filtrés
2025-04-04 11:29:46 [INFO] - Page 1 - Catégorie: UPCOMING
2025-04-04 11:29:46 [INFO] - Vérification des IDs existants: 1736 animes en base
2025-04-04 11:29:46 [INFO] - Tentative 1/3 pour la catégorie 'upcoming'
2025-04-04 11:29:46 [INFO] - Traitement de 25 animes dans la catégorie 'upcoming'
2025-04-04 11:29:46 [INFO] - Catégorie 'upcoming' - page traitée avec succès: 0 ajoutés, 25 ignorés, 0 filtrés
2025-04-04 11:29:46 [INFO] - Page 1 - Catégorie: GENERAL
2025-04-04 11:29:46 [INFO] - Vérification des IDs existants: 1736 animes en base
2025-04-04 11:29:46 [INFO] - Tentative 1/3 pour la catégorie 'none'
2025-04-04 11:29:46 [INFO] - Traitement de 25 animes dans la catégorie 'none'
2025-04-04 11:29:46 [INFO] - Catégorie 'none' - page traitée avec succès: 0 ajoutés, 25 ignorés, 0 filtrés
2025-04-04 11:29:46 [INFO] - Page 1 terminée - Bilan: 0 ajoutés, 75 ignorés, 0 filtrés
2025-04-04 11:29:46 [INFO] - Traitement de la page 2
2025-04-04 11:29:46 [INFO] - Traitement de la page 2
2025-04-04 11:29:46 [INFO] - Page 2 - Catégorie: TRENDING
2025-04-04 11:29:46 [INFO] - Vérification des IDs existants: 1736 animes en base
2025-04-04 11:29:46 [INFO] - Tentative 1/3 pour la catégorie 'trending'
2025-04-04 11:29:46 [INFO] - Traitement de 25 animes dans la catégorie 'trending'
2025-04-04 11:29:46 [INFO] - Catégorie 'trending' - page traitée avec succès: 0 ajoutés, 25 ignorés, 0 filtrés
2025-04-04 11:29:46 [INFO] - Page 2 - Catégorie: UPCOMING
2025-04-04 11:29:46 [INFO] - Vérification des IDs existants: 1736 animes en base
2025-04-04 11:29:46 [INFO] - Tentative 1/3 pour la catégorie 'upcoming'
2025-04-04 11:29:46 [INFO] - Traitement de 25 animes dans la catégorie 'upcoming'
2025-04-04 11:29:46 [INFO] - Catégorie 'upcoming' - page traitée avec succès: 0 ajoutés, 25 ignorés, 0 filtrés
2025-04-04 11:29:46 [INFO] - Page 2 - Catégorie: GENERAL
2025-04-04 11:29:46 [INFO] - Vérification des IDs existants: 1736 animes en base
2025-04-04 11:29:46 [INFO] - Tentative 1/3 pour la catégorie 'none'
2025-04-04 11:29:46 [INFO] - Traitement de 25 animes dans la catégorie 'none'
2025-04-04 11:29:46 [INFO] - Catégorie 'none' - page traitée avec succès: 0 ajoutés, 25 ignorés, 0 filtrés
2025-04-04 11:29:46 [INFO] - Page 2 terminée - Bilan: 0 ajoutés, 75 ignorés, 0 filtrés
2025-04-04 11:29:46 [INFO] - Traitement de la page 3
2025-04-04 11:29:46 [INFO] - Traitement de la page 3
2025-04-04 11:29:46 [INFO] - Page 3 - Catégorie: TRENDING
2025-04-04 11:29:46 [INFO] - Vérification des IDs existants: 1736 animes en base
2025-04-04 11:29:46 [INFO] - Tentative 1/3 pour la catégorie 'trending'
2025-04-04 11:29:46 [INFO] - Traitement de 25 animes dans la catégorie 'trending'
2025-04-04 11:29:46 [INFO] - Catégorie 'trending' - page traitée avec succès: 0 ajoutés, 25 ignorés, 0 filtrés
2025-04-04 11:29:46 [INFO] - Page 3 - Catégorie: UPCOMING
2025-04-04 11:29:46 [INFO] - Vérification des IDs existants: 1736 animes en base
2025-04-04 11:29:46 [INFO] - Tentative 1/3 pour la catégorie 'upcoming'
2025-04-04 11:29:46 [INFO] - Traitement de 25 animes dans la catégorie 'upcoming'
2025-04-04 11:29:46 [INFO] - Catégorie 'upcoming' - page traitée avec succès: 0 ajoutés, 25 ignorés, 0 filtrés
2025-04-04 11:29:46 [INFO] - Page 3 - Catégorie: GENERAL
2025-04-04 11:29:46 [INFO] - Vérification des IDs existants: 1736 animes en base
2025-04-04 11:29:46 [INFO] - Tentative 1/3 pour la catégorie 'none'
2025-04-04 11:29:46 [INFO] - Traitement de 25 animes dans la catégorie 'none'
2025-04-04 11:29:46 [INFO] - Catégorie 'none' - page traitée avec succès: 0 ajoutés, 25 ignorés, 0 filtrés
2025-04-04 11:29:46 [INFO] - Page 3 terminée - Bilan: 0 ajoutés, 75 ignorés, 0 filtrés
2025-04-04 11:29:46 [INFO] - Traitement de la page 4
2025-04-04 11:29:46 [INFO] - Traitement de la page 4
2025-04-04 11:29:46 [INFO] - Page 4 - Catégorie: TRENDING
2025-04-04 11:29:46 [INFO] - Vérification des IDs existants: 1736 animes en base
2025-04-04 11:29:46 [INFO] - Tentative 1/3 pour la catégorie 'trending'
2025-04-04 11:29:46 [INFO] - Traitement de 25 animes dans la catégorie 'trending'
2025-04-04 11:29:46 [INFO] - Catégorie 'trending' - page traitée avec succès: 0 ajoutés, 25 ignorés, 0 filtrés
2025-04-04 11:29:46 [INFO] - Page 4 - Catégorie: UPCOMING
2025-04-04 11:29:46 [INFO] - Vérification des IDs existants: 1736 animes en base
2025-04-04 11:29:46 [INFO] - Tentative 1/3 pour la catégorie 'upcoming'
2025-04-04 11:29:46 [INFO] - Traitement de 25 animes dans la catégorie 'upcoming'
2025-04-04 11:29:46 [INFO] - Catégorie 'upcoming' - page traitée avec succès: 0 ajoutés, 25 ignorés, 0 filtrés
2025-04-04 11:29:46 [INFO] - Page 4 - Catégorie: GENERAL
2025-04-04 11:29:46 [INFO] - Vérification des IDs existants: 1736 animes en base
2025-04-04 11:29:46 [INFO] - Tentative 1/3 pour la catégorie 'none'
2025-04-04 11:29:46 [INFO] - Traitement de 25 animes dans la catégorie 'none'
2025-04-04 11:29:46 [INFO] - Catégorie 'none' - page traitée avec succès: 0 ajoutés, 25 ignorés, 0 filtrés
2025-04-04 11:29:46 [INFO] - Page 4 terminée - Bilan: 0 ajoutés, 75 ignorés, 0 filtrés
2025-04-04 11:29:46 [INFO] - Traitement de la page 5
2025-04-04 11:29:46 [INFO] - Traitement de la page 5
2025-04-04 11:29:46 [INFO] - Page 5 - Catégorie: TRENDING
2025-04-04 11:29:46 [INFO] - Vérification des IDs existants: 1736 animes en base
2025-04-04 11:29:46 [INFO] - Tentative 1/3 pour la catégorie 'trending'
2025-04-04 11:29:46 [INFO] - Traitement de 25 animes dans la catégorie 'trending'
2025-04-04 11:29:46 [INFO] - Catégorie 'trending' - page traitée avec succès: 0 ajoutés, 25 ignorés, 0 filtrés
2025-04-04 11:29:46 [INFO] - Page 5 - Catégorie: UPCOMING
2025-04-04 11:29:46 [INFO] - Vérification des IDs existants: 1736 animes en base
2025-04-04 11:29:46 [INFO] - Tentative 1/3 pour la catégorie 'upcoming'
2025-04-04 11:29:46 [INFO] - Traitement de 25 animes dans la catégorie 'upcoming'
2025-04-04 11:29:46 [INFO] - Anime 'Ranma ½ (2024) 2nd Season' (ID: 60564) ignoré en raison du contenu pour adultes: Action, Comedy, Romance, Ecchi
2025-04-04 11:29:46 [INFO] - Catégorie 'upcoming' - page traitée avec succès: 0 ajoutés, 24 ignorés, 1 filtrés
2025-04-04 11:29:46 [INFO] - Page 5 - Catégorie: GENERAL
2025-04-04 11:29:46 [INFO] - Vérification des IDs existants: 1736 animes en base
2025-04-04 11:29:46 [INFO] - Tentative 1/3 pour la catégorie 'none'
2025-04-04 11:29:46 [INFO] - Traitement de 25 animes dans la catégorie 'none'
2025-04-04 11:29:46 [INFO] - Anime 'Green Green' (ID: 133) ignoré en raison du contenu pour adultes: Comedy, Romance, Ecchi
2025-04-04 11:29:46 [INFO] - Anime 'This Ugly Yet Beautiful World' (ID: 146) ignoré en raison du contenu pour adultes: Comedy, Drama, Romance, Sci-Fi, Ecchi
2025-04-04 11:29:46 [INFO] - Catégorie 'none' - page traitée avec succès: 0 ajoutés, 23 ignorés, 2 filtrés
2025-04-04 11:29:46 [INFO] - Page 5 terminée - Bilan: 0 ajoutés, 72 ignorés, 3 filtrés
2025-04-04 11:29:46 [INFO] - Traitement de la page 6
2025-04-04 11:29:46 [INFO] - Traitement de la page 6
2025-04-04 11:29:46 [INFO] - Page 6 - Catégorie: TRENDING
2025-04-04 11:29:46 [INFO] - Vérification des IDs existants: 1736 animes en base
2025-04-04 11:29:46 [INFO] - Tentative 1/3 pour la catégorie 'trending'
2025-04-04 11:29:46 [INFO] - Traitement de 25 animes dans la catégorie 'trending'
2025-04-04 11:29:46 [INFO] - Catégorie 'trending' - page traitée avec succès: 0 ajoutés, 25 ignorés, 0 filtrés
2025-04-04 11:29:46 [INFO] - Page 6 - Catégorie: UPCOMING
2025-04-04 11:29:46 [INFO] - Vérification des IDs existants: 1736 animes en base
2025-04-04 11:29:46 [INFO] - Tentative 1/3 pour la catégorie 'upcoming'
2025-04-04 11:29:46 [INFO] - Traitement de 25 animes dans la catégorie 'upcoming'
2025-04-04 11:29:46 [INFO] - Anime 'Makina-san's a Love Bot?!' (ID: 58833) ignoré en raison du contenu pour adultes: Comedy, Romance, Sci-Fi, Ecchi
2025-04-04 11:29:46 [INFO] - Anime 'Tales of Wedding Rings Season 2' (ID: 58515) ignoré en raison du contenu pour adultes: Action, Fantasy, Romance, Ecchi
2025-04-04 11:29:46 [INFO] - Catégorie 'upcoming' - page traitée avec succès: 0 ajoutés, 23 ignorés, 2 filtrés
2025-04-04 11:29:46 [INFO] - Page 6 - Catégorie: GENERAL
2025-04-04 11:29:46 [INFO] - Vérification des IDs existants: 1736 animes en base
2025-04-04 11:29:46 [INFO] - Tentative 1/3 pour la catégorie 'none'
2025-04-04 11:29:46 [INFO] - Traitement de 25 animes dans la catégorie 'none'
2025-04-04 11:29:46 [INFO] - Anime 'Re: Cutie Honey' (ID: 151) ignoré en raison du contenu pour adultes: Action, Comedy, Girls Love, Sci-Fi, Ecchi
2025-04-04 11:29:46 [INFO] - Anime 'Negima!' (ID: 157) ignoré en raison du contenu pour adultes: Action, Comedy, Fantasy, Romance, Ecchi
2025-04-04 11:29:46 [INFO] - Catégorie 'none' - page traitée avec succès: 0 ajoutés, 23 ignorés, 2 filtrés
2025-04-04 11:29:46 [INFO] - Page 6 terminée - Bilan: 0 ajoutés, 71 ignorés, 4 filtrés
2025-04-04 11:29:46 [INFO] - Traitement de la page 7
2025-04-04 11:29:46 [INFO] - Traitement de la page 7
2025-04-04 11:29:46 [INFO] - Page 7 - Catégorie: TRENDING
2025-04-04 11:29:46 [INFO] - Vérification des IDs existants: 1736 animes en base
2025-04-04 11:29:46 [INFO] - Tentative 1/3 pour la catégorie 'trending'
2025-04-04 11:29:46 [INFO] - Traitement de 25 animes dans la catégorie 'trending'
2025-04-04 11:29:46 [INFO] - Catégorie 'trending' - page traitée avec succès: 0 ajoutés, 25 ignorés, 0 filtrés
2025-04-04 11:29:46 [INFO] - Page 7 - Catégorie: UPCOMING
2025-04-04 11:29:46 [INFO] - Vérification des IDs existants: 1736 animes en base
2025-04-04 11:29:46 [INFO] - Tentative 1/3 pour la catégorie 'upcoming'
2025-04-04 11:29:46 [INFO] - Traitement de 25 animes dans la catégorie 'upcoming'
2025-04-04 11:29:46 [INFO] - Anime '2.5-jigen no Ririsa 2nd Season' (ID: 60510) ignoré en raison du contenu pour adultes: Comedy, Ecchi
2025-04-04 11:29:46 [INFO] - Catégorie 'upcoming' - page traitée avec succès: 0 ajoutés, 24 ignorés, 1 filtrés
2025-04-04 11:29:46 [INFO] - Page 7 - Catégorie: GENERAL
2025-04-04 11:29:46 [INFO] - Vérification des IDs existants: 1736 animes en base
2025-04-04 11:29:46 [INFO] - Tentative 1/3 pour la catégorie 'none'
2025-04-04 11:29:46 [INFO] - Traitement de 25 animes dans la catégorie 'none'
2025-04-04 11:29:46 [INFO] - Anime 'Tenjho Tenge' (ID: 174) ignoré en raison du contenu pour adultes: Action, Drama, Supernatural, Ecchi
2025-04-04 11:29:46 [INFO] - Anime 'Vandread' (ID: 180) ignoré en raison du contenu pour adultes: Action, Sci-Fi, Ecchi
2025-04-04 11:29:46 [INFO] - Anime 'Vandread: The Second Stage' (ID: 181) ignoré en raison du contenu pour adultes: Action, Sci-Fi, Ecchi
2025-04-04 11:29:46 [INFO] - Anime 'Masquerade' (ID: 188) ignoré en raison du contenu pour adultes: Comedy, Mystery, Supernatural, Hentai
2025-04-04 11:29:46 [INFO] - Anime 'Love Hina' (ID: 189) ignoré en raison du contenu pour adultes: Comedy, Romance, Ecchi
2025-04-04 11:29:46 [INFO] - Anime 'Love Hina Again' (ID: 190) ignoré en raison du contenu pour adultes: Comedy, Romance, Ecchi
2025-04-04 11:29:46 [INFO] - Anime 'Maburaho' (ID: 193) ignoré en raison du contenu pour adultes: Comedy, Drama, Romance, Ecchi
2025-04-04 11:29:46 [INFO] - Anime 'Rizelmine' (ID: 197) ignoré en raison du contenu pour adultes: Comedy, Romance, Sci-Fi, Ecchi
2025-04-04 11:29:46 [INFO] - Catégorie 'none' - page traitée avec succès: 0 ajoutés, 17 ignorés, 8 filtrés
2025-04-04 11:29:46 [INFO] - Page 7 terminée - Bilan: 0 ajoutés, 66 ignorés, 9 filtrés
2025-04-04 11:29:46 [INFO] - Traitement de la page 8
2025-04-04 11:29:46 [INFO] - Traitement de la page 8
2025-04-04 11:29:46 [INFO] - Page 8 - Catégorie: TRENDING
2025-04-04 11:29:46 [INFO] - Vérification des IDs existants: 1736 animes en base
2025-04-04 11:29:46 [INFO] - Tentative 1/3 pour la catégorie 'trending'
2025-04-04 11:29:46 [INFO] - Traitement de 25 animes dans la catégorie 'trending'
2025-04-04 11:29:46 [INFO] - Anime 'Mushoku Tensei: Jobless Reincarnation Season 2 Part 2' (ID: 55888) ignoré en raison du contenu pour adultes: Adventure, Drama, Fantasy, Ecchi
2025-04-04 11:29:46 [INFO] - Catégorie 'trending' - page traitée avec succès: 0 ajoutés, 24 ignorés, 1 filtrés
2025-04-04 11:29:46 [INFO] - Page 8 - Catégorie: UPCOMING
2025-04-04 11:29:46 [INFO] - Vérification des IDs existants: 1736 animes en base
2025-04-04 11:29:46 [INFO] - Tentative 1/3 pour la catégorie 'upcoming'
2025-04-04 11:29:46 [INFO] - Traitement de 25 animes dans la catégorie 'upcoming'
2025-04-04 11:29:46 [INFO] - Anime 'Saezuru Tori wa Habatakanai: The Storm Breaks' (ID: 41289) ignoré en raison du contenu pour adultes: Boys Love, Drama, Erotica
2025-04-04 11:29:46 [INFO] - Anime 'Yandere Dark Elf: She Chased Me All the Way From Another World!' (ID: 59745) ignoré en raison du contenu pour adultes: Comedy, Fantasy, Erotica
2025-04-04 11:29:46 [INFO] - Catégorie 'upcoming' - page traitée avec succès: 0 ajoutés, 23 ignorés, 2 filtrés
2025-04-04 11:29:46 [INFO] - Page 8 - Catégorie: GENERAL
2025-04-04 11:29:46 [INFO] - Vérification des IDs existants: 1736 animes en base
2025-04-04 11:29:46 [INFO] - Tentative 1/3 pour la catégorie 'none'
2025-04-04 11:29:46 [INFO] - Traitement de 25 animes dans la catégorie 'none'
2025-04-04 11:29:46 [INFO] - Anime 'Video Girl Ai' (ID: 201) ignoré en raison du contenu pour adultes: Comedy, Drama, Romance, Ecchi
2025-04-04 11:29:46 [INFO] - Anime 'Words Worth' (ID: 203) ignoré en raison du contenu pour adultes: Adventure, Fantasy, Hentai
2025-04-04 11:29:46 [INFO] - Anime 'Yumeria' (ID: 204) ignoré en raison du contenu pour adultes: Action, Comedy, Ecchi
2025-04-04 11:29:46 [INFO] - Anime 'Ranma ½' (ID: 210) ignoré en raison du contenu pour adultes: Action, Comedy, Romance, Ecchi
2025-04-04 11:29:46 [INFO] - Anime 'Pure Mail' (ID: 211) ignoré en raison du contenu pour adultes: Hentai
2025-04-04 11:29:46 [INFO] - Anime 'Welcome to Pia Carrot' (ID: 213) ignoré en raison du contenu pour adultes: Comedy, Hentai
2025-04-04 11:29:46 [INFO] - Anime 'Welcome To Pia Carrot 2' (ID: 214) ignoré en raison du contenu pour adultes: Comedy, Hentai
2025-04-04 11:29:46 [INFO] - Anime 'New Angel' (ID: 217) ignoré en raison du contenu pour adultes: Comedy, Drama, Hentai
2025-04-04 11:29:46 [INFO] - Anime 'Mystery of the Necronomicon' (ID: 220) ignoré en raison du contenu pour adultes: Horror, Hentai
2025-04-04 11:29:46 [INFO] - Anime 'Mezzo Forte' (ID: 221) ignoré en raison du contenu pour adultes: Action, Comedy, Sci-Fi, Hentai
2025-04-04 11:29:46 [INFO] - Catégorie 'none' - page traitée avec succès: 0 ajoutés, 15 ignorés, 10 filtrés
2025-04-04 11:29:46 [INFO] - Page 8 terminée - Bilan: 0 ajoutés, 62 ignorés, 13 filtrés
2025-04-04 11:29:46 [INFO] - Traitement de la page 9
2025-04-04 11:29:46 [INFO] - Traitement de la page 9
2025-04-04 11:29:46 [INFO] - Page 9 - Catégorie: TRENDING
2025-04-04 11:29:46 [INFO] - Vérification des IDs existants: 1736 animes en base
2025-04-04 11:29:46 [INFO] - Tentative 1/3 pour la catégorie 'trending'
2025-04-04 11:29:46 [INFO] - Traitement de 25 animes dans la catégorie 'trending'
2025-04-04 11:29:46 [INFO] - Catégorie 'trending' - page traitée avec succès: 0 ajoutés, 25 ignorés, 0 filtrés
2025-04-04 11:29:46 [INFO] - Page 9 - Catégorie: UPCOMING
2025-04-04 11:29:47 [INFO] - Vérification des IDs existants: 1736 animes en base
2025-04-04 11:29:47 [INFO] - Tentative 1/3 pour la catégorie 'upcoming'
2025-04-04 11:29:47 [INFO] - Traitement de 25 animes dans la catégorie 'upcoming'
2025-04-04 11:29:47 [INFO] - Catégorie 'upcoming' - page traitée avec succès: 0 ajoutés, 25 ignorés, 0 filtrés
2025-04-04 11:29:47 [INFO] - Page 9 - Catégorie: GENERAL
2025-04-04 11:29:47 [INFO] - Vérification des IDs existants: 1736 animes en base
2025-04-04 11:29:47 [INFO] - Tentative 1/3 pour la catégorie 'none'
2025-04-04 11:29:47 [INFO] - Traitement de 25 animes dans la catégorie 'none'
2025-04-04 11:29:47 [INFO] - Anime 'Girls Bravo' (ID: 241) ignoré en raison du contenu pour adultes: Comedy, Fantasy, Romance, Ecchi
2025-04-04 11:29:47 [INFO] - Anime 'Strawberry 100%' (ID: 248) ignoré en raison du contenu pour adultes: Comedy, Romance, Ecchi
2025-04-04 11:29:47 [INFO] - Catégorie 'none' - page traitée avec succès: 0 ajoutés, 23 ignorés, 2 filtrés
2025-04-04 11:29:47 [INFO] - Page 9 terminée - Bilan: 0 ajoutés, 73 ignorés, 2 filtrés
2025-04-04 11:29:47 [INFO] - Traitement de la page 10
2025-04-04 11:29:47 [INFO] - Traitement de la page 10
2025-04-04 11:29:47 [INFO] - Page 10 - Catégorie: TRENDING
2025-04-04 11:29:47 [INFO] - Vérification des IDs existants: 1736 animes en base
2025-04-04 11:29:47 [INFO] - Tentative 1/3 pour la catégorie 'trending'
2025-04-04 11:29:47 [INFO] - Traitement de 25 animes dans la catégorie 'trending'
2025-04-04 11:29:47 [INFO] - Anime 'Mushoku Tensei: Jobless Reincarnation' (ID: 39535) ignoré en raison du contenu pour adultes: Adventure, Drama, Fantasy, Ecchi
2025-04-04 11:29:47 [INFO] - Catégorie 'trending' - page traitée avec succès: 0 ajoutés, 24 ignorés, 1 filtrés
2025-04-04 11:29:47 [INFO] - Page 10 - Catégorie: UPCOMING
2025-04-04 11:29:47 [INFO] - Vérification des IDs existants: 1736 animes en base
2025-04-04 11:29:47 [INFO] - Tentative 1/3 pour la catégorie 'upcoming'
2025-04-04 11:29:47 [INFO] - Traitement de 25 animes dans la catégorie 'upcoming'
2025-04-04 11:29:47 [INFO] - Catégorie 'upcoming' - page traitée avec succès: 0 ajoutés, 25 ignorés, 0 filtrés
2025-04-04 11:29:47 [INFO] - Page 10 - Catégorie: GENERAL
2025-04-04 11:29:47 [INFO] - Vérification des IDs existants: 1736 animes en base
2025-04-04 11:29:47 [INFO] - Tentative 1/3 pour la catégorie 'none'
2025-04-04 11:29:47 [INFO] - Traitement de 25 animes dans la catégorie 'none'
2025-04-04 11:29:47 [INFO] - Anime 'Ikki Tousen: Battle Vixens' (ID: 257) ignoré en raison du contenu pour adultes: Action, Ecchi
2025-04-04 11:29:47 [INFO] - Anime 'Golden Boy' (ID: 268) ignoré en raison du contenu pour adultes: Adventure, Comedy, Ecchi
2025-04-04 11:29:47 [INFO] - Catégorie 'none' - page traitée avec succès: 0 ajoutés, 23 ignorés, 2 filtrés
2025-04-04 11:29:47 [INFO] - Page 10 terminée - Bilan: 0 ajoutés, 72 ignorés, 3 filtrés
2025-04-04 11:29:47 [INFO] - Traitement de la page 11
2025-04-04 11:29:47 [INFO] - Traitement de la page 11
2025-04-04 11:29:47 [INFO] - Page 11 - Catégorie: TRENDING
2025-04-04 11:29:47 [INFO] - Vérification des IDs existants: 1736 animes en base
2025-04-04 11:29:47 [INFO] - Tentative 1/3 pour la catégorie 'trending'
2025-04-04 11:29:47 [INFO] - Traitement de 25 animes dans la catégorie 'trending'
2025-04-04 11:29:47 [INFO] - Catégorie 'trending' - page traitée avec succès: 0 ajoutés, 25 ignorés, 0 filtrés
2025-04-04 11:29:47 [INFO] - Page 11 - Catégorie: UPCOMING
2025-04-04 11:29:47 [INFO] - Vérification des IDs existants: 1736 animes en base
2025-04-04 11:29:47 [INFO] - Tentative 1/3 pour la catégorie 'upcoming'
2025-04-04 11:29:47 [INFO] - Traitement de 25 animes dans la catégorie 'upcoming'
2025-04-04 11:29:47 [INFO] - Catégorie 'upcoming' - page traitée avec succès: 0 ajoutés, 25 ignorés, 0 filtrés
2025-04-04 11:29:47 [INFO] - Page 11 - Catégorie: GENERAL
2025-04-04 11:29:47 [INFO] - Vérification des IDs existants: 1736 animes en base
2025-04-04 11:29:47 [INFO] - Tentative 1/3 pour la catégorie 'none'
2025-04-04 11:29:47 [INFO] - Traitement de 25 animes dans la catégorie 'none'
2025-04-04 11:29:47 [INFO] - Anime 'Love♥Love?' (ID: 275) ignoré en raison du contenu pour adultes: Comedy, Romance, Ecchi
2025-04-04 11:29:47 [INFO] - Anime 'Mahoromatic: Automatic Maiden' (ID: 276) ignoré en raison du contenu pour adultes: Comedy, Romance, Sci-Fi, Ecchi
2025-04-04 11:29:47 [INFO] - Anime 'Mahoromatic ~Something More Beautiful~' (ID: 277) ignoré en raison du contenu pour adultes: Comedy, Drama, Romance, Sci-Fi, Ecchi
2025-04-04 11:29:47 [INFO] - Anime 'Grenadier: The Beautiful Warrior' (ID: 297) ignoré en raison du contenu pour adultes: Action, Adventure, Comedy, Ecchi
2025-04-04 11:29:47 [INFO] - Catégorie 'none' - page traitée avec succès: 0 ajoutés, 21 ignorés, 4 filtrés
2025-04-04 11:29:47 [INFO] - Page 11 terminée - Bilan: 0 ajoutés, 71 ignorés, 4 filtrés
2025-04-04 11:29:47 [INFO] - Traitement de la page 12
2025-04-04 11:29:47 [INFO] - Traitement de la page 12
2025-04-04 11:29:47 [INFO] - Page 12 - Catégorie: TRENDING
2025-04-04 11:29:47 [INFO] - Vérification des IDs existants: 1736 animes en base
2025-04-04 11:29:47 [INFO] - Tentative 1/3 pour la catégorie 'trending'
2025-04-04 11:29:47 [INFO] - Traitement de 25 animes dans la catégorie 'trending'
2025-04-04 11:29:47 [INFO] - Catégorie 'trending' - page traitée avec succès: 0 ajoutés, 25 ignorés, 0 filtrés
2025-04-04 11:29:47 [INFO] - Page 12 - Catégorie: UPCOMING
2025-04-04 11:29:47 [INFO] - Vérification des IDs existants: 1736 animes en base
2025-04-04 11:29:47 [INFO] - Tentative 1/3 pour la catégorie 'upcoming'
2025-04-04 11:29:47 [INFO] - Traitement de 25 animes dans la catégorie 'upcoming'
2025-04-04 11:29:47 [INFO] - Catégorie 'upcoming' - page traitée avec succès: 0 ajoutés, 25 ignorés, 0 filtrés
2025-04-04 11:29:47 [INFO] - Page 12 - Catégorie: GENERAL
2025-04-04 11:29:47 [INFO] - Vérification des IDs existants: 1736 animes en base
2025-04-04 11:29:47 [INFO] - Tentative 1/3 pour la catégorie 'none'
2025-04-04 11:29:47 [INFO] - Traitement de 25 animes dans la catégorie 'none'
2025-04-04 11:29:47 [INFO] - Anime 'The Abashiri Family' (ID: 305) ignoré en raison du contenu pour adultes: Action, Comedy, Ecchi
2025-04-04 11:29:47 [INFO] - Anime 'Magical☆Shopping Arcade Abenobashi' (ID: 306) ignoré en raison du contenu pour adultes: Award Winning, Comedy, Fantasy, Ecchi
2025-04-04 11:29:47 [INFO] - Anime 'F3: Frantic, Frustrated & Female' (ID: 316) ignoré en raison du contenu pour adultes: Comedy, Girls Love, Hentai
2025-04-04 11:29:47 [INFO] - Anime 'Hand Maid May' (ID: 318) ignoré en raison du contenu pour adultes: Comedy, Romance, Sci-Fi, Ecchi
2025-04-04 11:29:47 [INFO] - Anime 'Happy World!' (ID: 319) ignoré en raison du contenu pour adultes: Comedy, Fantasy, Romance, Ecchi
2025-04-04 11:29:47 [INFO] - Anime 'Kite' (ID: 320) ignoré en raison du contenu pour adultes: Action, Drama, Hentai
2025-04-04 11:29:47 [INFO] - Anime 'Najica Blitz Tactics' (ID: 321) ignoré en raison du contenu pour adultes: Action, Comedy, Sci-Fi, Ecchi
2025-04-04 11:29:47 [INFO] - Catégorie 'none' - page traitée avec succès: 0 ajoutés, 18 ignorés, 7 filtrés
2025-04-04 11:29:47 [INFO] - Page 12 terminée - Bilan: 0 ajoutés, 68 ignorés, 7 filtrés
2025-04-04 11:29:47 [INFO] - Traitement de la page 13
2025-04-04 11:29:47 [INFO] - Traitement de la page 13
2025-04-04 11:29:47 [INFO] - Page 13 - Catégorie: TRENDING
2025-04-04 11:29:47 [INFO] - Vérification des IDs existants: 1736 animes en base
2025-04-04 11:29:47 [INFO] - Tentative 1/3 pour la catégorie 'trending'
2025-04-04 11:29:47 [INFO] - Traitement de 25 animes dans la catégorie 'trending'
2025-04-04 11:29:47 [INFO] - Catégorie 'trending' - page traitée avec succès: 0 ajoutés, 25 ignorés, 0 filtrés
2025-04-04 11:29:47 [INFO] - Page 13 - Catégorie: UPCOMING
2025-04-04 11:29:47 [INFO] - Vérification des IDs existants: 1736 animes en base
2025-04-04 11:29:47 [INFO] - Tentative 1/3 pour la catégorie 'upcoming'
2025-04-04 11:29:47 [INFO] - Traitement de 25 animes dans la catégorie 'upcoming'
2025-04-04 11:29:47 [INFO] - Anime 'Yowayowa Sensei' (ID: 60444) ignoré en raison du contenu pour adultes: Comedy, Romance, Ecchi
2025-04-04 11:29:47 [INFO] - Catégorie 'upcoming' - page traitée avec succès: 0 ajoutés, 24 ignorés, 1 filtrés
2025-04-04 11:29:47 [INFO] - Page 13 - Catégorie: GENERAL
2025-04-04 11:29:47 [INFO] - Vérification des IDs existants: 1736 animes en base
2025-04-04 11:29:47 [INFO] - Tentative 1/3 pour la catégorie 'none'
2025-04-04 11:29:47 [INFO] - Traitement de 25 animes dans la catégorie 'none'
2025-04-04 11:29:47 [INFO] - Anime 'Midori Days' (ID: 330) ignoré en raison du contenu pour adultes: Comedy, Drama, Romance, Ecchi
2025-04-04 11:29:47 [INFO] - Anime 'Psychic Academy' (ID: 337) ignoré en raison du contenu pour adultes: Comedy, Romance, Ecchi
2025-04-04 11:29:47 [INFO] - Catégorie 'none' - page traitée avec succès: 0 ajoutés, 23 ignorés, 2 filtrés
2025-04-04 11:29:47 [INFO] - Page 13 terminée - Bilan: 0 ajoutés, 72 ignorés, 3 filtrés
2025-04-04 11:29:47 [INFO] - Traitement de la page 14
2025-04-04 11:29:47 [INFO] - Traitement de la page 14
2025-04-04 11:29:47 [INFO] - Page 14 - Catégorie: TRENDING
2025-04-04 11:29:47 [INFO] - Vérification des IDs existants: 1736 animes en base
2025-04-04 11:29:47 [INFO] - Tentative 1/3 pour la catégorie 'trending'
2025-04-04 11:29:47 [INFO] - Traitement de 25 animes dans la catégorie 'trending'
2025-04-04 11:29:47 [INFO] - Catégorie 'trending' - page traitée avec succès: 0 ajoutés, 25 ignorés, 0 filtrés
2025-04-04 11:29:47 [INFO] - Page 14 - Catégorie: UPCOMING
2025-04-04 11:29:47 [INFO] - Vérification des IDs existants: 1736 animes en base
2025-04-04 11:29:47 [INFO] - Tentative 1/3 pour la catégorie 'upcoming'
2025-04-04 11:29:47 [INFO] - Traitement de 25 animes dans la catégorie 'upcoming'
2025-04-04 11:29:47 [INFO] - Anime 'Magical Explorer: Reborn as a Side Character in a Fantasy Dating Sim' (ID: 56733) ignoré en raison du contenu pour adultes: Adventure, Comedy, Ecchi
2025-04-04 11:29:47 [INFO] - Anime 'Nukitashi the Animation' (ID: 57969) ignoré en raison du contenu pour adultes: Erotica
2025-04-04 11:29:47 [INFO] - Catégorie 'upcoming' - page traitée avec succès: 0 ajoutés, 23 ignorés, 2 filtrés
2025-04-04 11:29:47 [INFO] - Page 14 - Catégorie: GENERAL
2025-04-04 11:29:47 [INFO] - Vérification des IDs existants: 1736 animes en base
2025-04-04 11:29:47 [INFO] - Tentative 1/3 pour la catégorie 'none'
2025-04-04 11:29:47 [INFO] - Traitement de 25 animes dans la catégorie 'none'
2025-04-04 11:29:47 [INFO] - Anime 'Magical Kanan' (ID: 349) ignoré en raison du contenu pour adultes: Drama, Fantasy, Ecchi
2025-04-04 11:29:47 [INFO] - Anime 'Ultimate Girls' (ID: 354) ignoré en raison du contenu pour adultes: Comedy, Sci-Fi, Ecchi
2025-04-04 11:29:47 [INFO] - Anime 'Bludgeoning Angel Dokuro-chan' (ID: 357) ignoré en raison du contenu pour adultes: Comedy, Supernatural, Ecchi
2025-04-04 11:29:47 [INFO] - Anime 'Agent AIKa' (ID: 366) ignoré en raison du contenu pour adultes: Action, Adventure, Comedy, Sci-Fi, Ecchi
2025-04-04 11:29:47 [INFO] - Anime 'Bible Black' (ID: 368) ignoré en raison du contenu pour adultes: Hentai
2025-04-04 11:29:47 [INFO] - Anime 'Burn Up Excess' (ID: 370) ignoré en raison du contenu pour adultes: Action, Adventure, Comedy, Mystery, Sci-Fi, Ecchi
2025-04-04 11:29:47 [INFO] - Catégorie 'none' - page traitée avec succès: 0 ajoutés, 19 ignorés, 6 filtrés
2025-04-04 11:29:47 [INFO] - Page 14 terminée - Bilan: 0 ajoutés, 67 ignorés, 8 filtrés
2025-04-04 11:29:47 [INFO] - Traitement de la page 15
2025-04-04 11:29:47 [INFO] - Traitement de la page 15
2025-04-04 11:29:47 [INFO] - Page 15 - Catégorie: TRENDING
2025-04-04 11:29:47 [INFO] - Vérification des IDs existants: 1736 animes en base
2025-04-04 11:29:47 [INFO] - Tentative 1/3 pour la catégorie 'trending'
2025-04-04 11:29:47 [INFO] - Traitement de 25 animes dans la catégorie 'trending'
2025-04-04 11:29:47 [INFO] - Catégorie 'trending' - page traitée avec succès: 0 ajoutés, 25 ignorés, 0 filtrés
2025-04-04 11:29:47 [INFO] - Page 15 - Catégorie: UPCOMING
2025-04-04 11:29:47 [INFO] - Vérification des IDs existants: 1736 animes en base
2025-04-04 11:29:47 [INFO] - Tentative 1/3 pour la catégorie 'upcoming'
2025-04-04 11:29:47 [INFO] - Traitement de 25 animes dans la catégorie 'upcoming'
2025-04-04 11:29:47 [INFO] - Récupération des données depuis: https://api.jikan.moe/v4/anime/58957/full
2025-04-04 11:29:49 [INFO] - Récupération des données depuis: https://api.jikan.moe/v4/anime/58957/staff
2025-04-04 11:29:49 [INFO] - Anime '9: Ruler's Crown' (ID: 58957) préparé pour l'insertion.
2025-04-04 11:29:50 [INFO] - Récupération des données depuis: https://api.jikan.moe/v4/anime/55710/full
2025-04-04 11:29:51 [INFO] - Récupération des données depuis: https://api.jikan.moe/v4/anime/55710/staff
2025-04-04 11:29:51 [INFO] - Anime 'Hana-Doll*: Reinterpretation of Flowering' (ID: 55710) préparé pour l'insertion.
2025-04-04 11:29:52 [INFO] - Récupération des données depuis: https://api.jikan.moe/v4/anime/59199/full
2025-04-04 11:29:53 [INFO] - Récupération des données depuis: https://api.jikan.moe/v4/anime/59199/staff
2025-04-04 11:29:54 [INFO] - Anime 'Classic★Stars' (ID: 59199) préparé pour l'insertion.
2025-04-04 11:29:55 [INFO] - Récupération des données depuis: https://api.jikan.moe/v4/anime/53722/full
2025-04-04 11:29:55 [WARNING] - Opération interrompue par l'utilisateur
2025-04-04 11:29:55 [INFO] - ==================================================
2025-04-04 11:29:55 [INFO] - RÉSUMÉ DE L'IMPORTATION:
2025-04-04 11:29:55 [INFO] -   - Pages traitées: 14
2025-04-04 11:29:55 [INFO] -   - Dernière page traitée: 15
2025-04-04 11:29:55 [INFO] -   - Animés ajoutés: 0
2025-04-04 11:29:55 [INFO] -   - Animés ignorés (déjà existants): 994
2025-04-04 11:29:55 [INFO] -   - Animés filtrés (contenu pour adultes): 56
2025-04-04 11:29:55 [INFO] -   - Durée d'exécution: 9.08 secondes
2025-04-04 11:29:55 [INFO] - ==================================================
2025-04-04 11:29:55 [INFO] - Connexion à la base de données fermée
2025-04-04 11:29:55 [INFO] - FIN DE L'IMPORTATION
2025-04-04 11:29:55 [INFO] - ================================================================================
2025-04-04 11:34:38 [INFO] - ================================================================================
2025-04-04 11:34:38 [INFO] - DÉMARRAGE DE L'IMPORTATION D'ANIMÉS
2025-04-04 11:34:38 [INFO] - ================================================================================
2025-04-04 11:34:38 [INFO] - Connexion à la base de données 'zielinski-olivier' établie avec succès
2025-04-04 11:34:38 [INFO] - 1736 animés déjà présents dans la base de données.
2025-04-04 11:34:38 [INFO] - Cache configuré dans le répertoire: cache
2025-04-04 11:34:38 [INFO] - ==================================================
2025-04-04 11:34:38 [INFO] - CONFIGURATION:
2025-04-04 11:34:38 [INFO] -   - Page de départ: 1
2025-04-04 11:34:38 [INFO] -   - Page de fin: Non spécifiée (va jusqu'à la fin)
2025-04-04 11:34:38 [INFO] -   - Filtre contenu adulte: Activé
2025-04-04 11:34:38 [INFO] -   - Recherche détaillée des créateurs: Activée
2025-04-04 11:34:38 [INFO] -   - Taille des lots d'insertion: 10
2025-04-04 11:34:38 [INFO] -   - Cache des requêtes API: cache
2025-04-04 11:34:38 [INFO] - ==================================================
2025-04-04 11:34:38 [INFO] - DÉMARRAGE DE L'AJOUT DES ANIMÉS...
2025-04-04 11:34:38 [INFO] - Traitement de la page 1
2025-04-04 11:34:38 [INFO] - Page 1 - Catégorie: TRENDING
2025-04-04 11:34:38 [INFO] - Vérification des IDs existants: 1736 animes en base
2025-04-04 11:34:38 [INFO] - Tentative 1/3 pour la catégorie 'trending'
2025-04-04 11:34:38 [INFO] - Récupération des données depuis: https://api.jikan.moe/v4/top/anime?page=1
2025-04-04 11:34:39 [INFO] - Traitement de 25 animes dans la catégorie 'trending'
2025-04-04 11:34:39 [INFO] - Catégorie 'trending' - page traitée avec succès: 0 ajoutés, 25 ignorés, 0 filtrés
2025-04-04 11:34:39 [INFO] - Page 1 - Catégorie: UPCOMING
2025-04-04 11:34:39 [INFO] - Vérification des IDs existants: 1736 animes en base
2025-04-04 11:34:39 [INFO] - Tentative 1/3 pour la catégorie 'upcoming'
2025-04-04 11:34:40 [INFO] - Récupération des données depuis: https://api.jikan.moe/v4/seasons/upcoming?page=1
2025-04-04 11:34:40 [INFO] - Traitement de 25 animes dans la catégorie 'upcoming'
2025-04-04 11:34:40 [INFO] - Catégorie 'upcoming' - page traitée avec succès: 0 ajoutés, 25 ignorés, 0 filtrés
2025-04-04 11:34:40 [INFO] - Page 1 - Catégorie: GENERAL
2025-04-04 11:34:40 [INFO] - Vérification des IDs existants: 1736 animes en base
2025-04-04 11:34:40 [INFO] - Tentative 1/3 pour la catégorie 'none'
2025-04-04 11:34:41 [INFO] - Récupération des données depuis: https://api.jikan.moe/v4/anime?page=1
2025-04-04 11:34:41 [INFO] - Traitement de 25 animes dans la catégorie 'none'
2025-04-04 11:34:41 [INFO] - Catégorie 'none' - page traitée avec succès: 0 ajoutés, 25 ignorés, 0 filtrés
2025-04-04 11:34:41 [INFO] - Page 1 terminée - Bilan: 0 ajoutés, 75 ignorés, 0 filtrés
2025-04-04 11:34:41 [INFO] - Traitement de la page 2
2025-04-04 11:34:41 [INFO] - Page 2 - Catégorie: TRENDING
2025-04-04 11:34:41 [INFO] - Vérification des IDs existants: 1736 animes en base
2025-04-04 11:34:41 [INFO] - Tentative 1/3 pour la catégorie 'trending'
2025-04-04 11:34:42 [INFO] - Récupération des données depuis: https://api.jikan.moe/v4/top/anime?page=2
2025-04-04 11:34:42 [INFO] - Traitement de 25 animes dans la catégorie 'trending'
2025-04-04 11:34:42 [INFO] - Catégorie 'trending' - page traitée avec succès: 0 ajoutés, 25 ignorés, 0 filtrés
2025-04-04 11:34:42 [INFO] - Page 2 - Catégorie: UPCOMING
2025-04-04 11:34:42 [INFO] - Vérification des IDs existants: 1736 animes en base
2025-04-04 11:34:42 [INFO] - Tentative 1/3 pour la catégorie 'upcoming'
2025-04-04 11:34:43 [INFO] - Récupération des données depuis: https://api.jikan.moe/v4/seasons/upcoming?page=2
2025-04-04 11:34:43 [INFO] - Traitement de 25 animes dans la catégorie 'upcoming'
2025-04-04 11:34:43 [INFO] - Catégorie 'upcoming' - page traitée avec succès: 0 ajoutés, 25 ignorés, 0 filtrés
2025-04-04 11:34:43 [INFO] - Page 2 - Catégorie: GENERAL
2025-04-04 11:34:43 [INFO] - Vérification des IDs existants: 1736 animes en base
2025-04-04 11:34:43 [INFO] - Tentative 1/3 pour la catégorie 'none'
2025-04-04 11:34:44 [INFO] - Récupération des données depuis: https://api.jikan.moe/v4/anime?page=2
2025-04-04 11:34:44 [INFO] - Traitement de 25 animes dans la catégorie 'none'
2025-04-04 11:34:44 [INFO] - Catégorie 'none' - page traitée avec succès: 0 ajoutés, 25 ignorés, 0 filtrés
2025-04-04 11:34:44 [INFO] - Page 2 terminée - Bilan: 0 ajoutés, 75 ignorés, 0 filtrés
2025-04-04 11:34:44 [INFO] - Traitement de la page 3
2025-04-04 11:34:44 [INFO] - Page 3 - Catégorie: TRENDING
2025-04-04 11:34:44 [INFO] - Vérification des IDs existants: 1736 animes en base
2025-04-04 11:34:44 [INFO] - Tentative 1/3 pour la catégorie 'trending'
2025-04-04 11:34:45 [INFO] - Récupération des données depuis: https://api.jikan.moe/v4/top/anime?page=3
2025-04-04 11:34:45 [INFO] - Traitement de 25 animes dans la catégorie 'trending'
2025-04-04 11:34:45 [INFO] - Catégorie 'trending' - page traitée avec succès: 0 ajoutés, 25 ignorés, 0 filtrés
2025-04-04 11:34:45 [INFO] - Page 3 - Catégorie: UPCOMING
2025-04-04 11:34:45 [INFO] - Vérification des IDs existants: 1736 animes en base
2025-04-04 11:34:45 [INFO] - Tentative 1/3 pour la catégorie 'upcoming'
2025-04-04 11:34:46 [INFO] - Récupération des données depuis: https://api.jikan.moe/v4/seasons/upcoming?page=3
2025-04-04 11:34:46 [INFO] - Traitement de 25 animes dans la catégorie 'upcoming'
2025-04-04 11:34:46 [INFO] - Catégorie 'upcoming' - page traitée avec succès: 0 ajoutés, 25 ignorés, 0 filtrés
2025-04-04 11:34:46 [INFO] - Page 3 - Catégorie: GENERAL
2025-04-04 11:34:46 [INFO] - Vérification des IDs existants: 1736 animes en base
2025-04-04 11:34:46 [INFO] - Tentative 1/3 pour la catégorie 'none'
2025-04-04 11:34:47 [INFO] - Récupération des données depuis: https://api.jikan.moe/v4/anime?page=3
2025-04-04 11:34:47 [INFO] - Traitement de 25 animes dans la catégorie 'none'
2025-04-04 11:34:47 [INFO] - Catégorie 'none' - page traitée avec succès: 0 ajoutés, 25 ignorés, 0 filtrés
2025-04-04 11:34:47 [INFO] - Page 3 terminée - Bilan: 0 ajoutés, 75 ignorés, 0 filtrés
2025-04-04 11:34:47 [INFO] - Traitement de la page 4
2025-04-04 11:34:47 [INFO] - Page 4 - Catégorie: TRENDING
2025-04-04 11:34:47 [INFO] - Vérification des IDs existants: 1736 animes en base
2025-04-04 11:34:47 [INFO] - Tentative 1/3 pour la catégorie 'trending'
2025-04-04 11:34:48 [INFO] - Récupération des données depuis: https://api.jikan.moe/v4/top/anime?page=4
2025-04-04 11:34:48 [INFO] - Traitement de 25 animes dans la catégorie 'trending'
2025-04-04 11:34:48 [INFO] - Catégorie 'trending' - page traitée avec succès: 0 ajoutés, 25 ignorés, 0 filtrés
2025-04-04 11:34:48 [INFO] - Page 4 - Catégorie: UPCOMING
2025-04-04 11:34:48 [INFO] - Vérification des IDs existants: 1736 animes en base
2025-04-04 11:34:48 [INFO] - Tentative 1/3 pour la catégorie 'upcoming'
2025-04-04 11:34:49 [INFO] - Récupération des données depuis: https://api.jikan.moe/v4/seasons/upcoming?page=4
2025-04-04 11:34:49 [INFO] - Traitement de 25 animes dans la catégorie 'upcoming'
2025-04-04 11:34:49 [INFO] - Catégorie 'upcoming' - page traitée avec succès: 0 ajoutés, 25 ignorés, 0 filtrés
2025-04-04 11:34:49 [INFO] - Page 4 - Catégorie: GENERAL
2025-04-04 11:34:49 [INFO] - Vérification des IDs existants: 1736 animes en base
2025-04-04 11:34:49 [INFO] - Tentative 1/3 pour la catégorie 'none'
2025-04-04 11:34:50 [INFO] - Récupération des données depuis: https://api.jikan.moe/v4/anime?page=4
2025-04-04 11:34:50 [INFO] - Traitement de 25 animes dans la catégorie 'none'
2025-04-04 11:34:50 [INFO] - Catégorie 'none' - page traitée avec succès: 0 ajoutés, 25 ignorés, 0 filtrés
2025-04-04 11:34:50 [INFO] - Page 4 terminée - Bilan: 0 ajoutés, 75 ignorés, 0 filtrés
2025-04-04 11:34:50 [INFO] - Traitement de la page 5
2025-04-04 11:34:50 [INFO] - Page 5 - Catégorie: TRENDING
2025-04-04 11:34:50 [INFO] - Vérification des IDs existants: 1736 animes en base
2025-04-04 11:34:50 [INFO] - Tentative 1/3 pour la catégorie 'trending'
2025-04-04 11:34:51 [INFO] - Récupération des données depuis: https://api.jikan.moe/v4/top/anime?page=5
2025-04-04 11:34:51 [INFO] - Traitement de 25 animes dans la catégorie 'trending'
2025-04-04 11:34:51 [INFO] - Catégorie 'trending' - page traitée avec succès: 0 ajoutés, 25 ignorés, 0 filtrés
2025-04-04 11:34:51 [INFO] - Page 5 - Catégorie: UPCOMING
2025-04-04 11:34:51 [INFO] - Vérification des IDs existants: 1736 animes en base
2025-04-04 11:34:51 [INFO] - Tentative 1/3 pour la catégorie 'upcoming'
2025-04-04 11:34:52 [INFO] - Récupération des données depuis: https://api.jikan.moe/v4/seasons/upcoming?page=5
2025-04-04 11:34:52 [INFO] - Traitement de 25 animes dans la catégorie 'upcoming'
2025-04-04 11:34:52 [INFO] - Anime 'Ranma ½ (2024) 2nd Season' (ID: 60564) ignoré en raison du contenu pour adultes: Action, Comedy, Romance, Ecchi
2025-04-04 11:34:52 [INFO] - Catégorie 'upcoming' - page traitée avec succès: 0 ajoutés, 24 ignorés, 1 filtrés
2025-04-04 11:34:52 [INFO] - Page 5 - Catégorie: GENERAL
2025-04-04 11:34:52 [INFO] - Vérification des IDs existants: 1736 animes en base
2025-04-04 11:34:52 [INFO] - Tentative 1/3 pour la catégorie 'none'
2025-04-04 11:34:53 [INFO] - Récupération des données depuis: https://api.jikan.moe/v4/anime?page=5
2025-04-04 11:34:54 [INFO] - Traitement de 25 animes dans la catégorie 'none'
2025-04-04 11:34:54 [INFO] - Anime 'Green Green' (ID: 133) ignoré en raison du contenu pour adultes: Comedy, Romance, Ecchi
2025-04-04 11:34:54 [INFO] - Anime 'This Ugly Yet Beautiful World' (ID: 146) ignoré en raison du contenu pour adultes: Comedy, Drama, Romance, Sci-Fi, Ecchi
2025-04-04 11:34:54 [INFO] - Catégorie 'none' - page traitée avec succès: 0 ajoutés, 23 ignorés, 2 filtrés
2025-04-04 11:34:54 [INFO] - Page 5 terminée - Bilan: 0 ajoutés, 72 ignorés, 3 filtrés
2025-04-04 11:34:54 [WARNING] - Opération interrompue par l'utilisateur
