2025-04-11 11:32:30,766 - DEBUG - 
🔍 État initial des catégories vides: {'trending': False, 'upcoming': False, 'general': False}
2025-04-11 11:32:33,187 - INFO - ℹ️ 2791 animés déjà présents dans la base de données.
2025-04-11 11:32:33,187 - INFO - 
📋 CONFIGURATION:
2025-04-11 11:32:33,187 - INFO -   - Page de départ: 56
2025-04-11 11:32:33,188 - INFO -   - Page de fin: Non spécifiée (va jusqu'à la fin)
2025-04-11 11:32:33,188 - INFO -   - Filtre contenu adulte: Activé
2025-04-11 11:32:33,188 - INFO -   - Recherche détaillée des créateurs: Activée
2025-04-11 11:32:33,193 - INFO -   - Taille des lots d'insertion: 10
2025-04-11 11:32:33,193 - INFO -   - Cache des requêtes API: cache
2025-04-11 11:32:33,193 - INFO - 
🚀 Démarrage de l'ajout des animés...

2025-04-11 11:32:33,193 - INFO - 
🔄 Traitement de la page 56
2025-04-11 11:32:33,193 - DEBUG - 
🔍 État des catégories vides avant le traitement: {'trending': False, 'upcoming': False, 'general': False}
2025-04-11 11:32:33,193 - INFO - 
🔥 Catégorie: TRENDING
2025-04-11 11:32:33,495 - INFO - 📡 Récupération des données depuis: https://api.jikan.moe/v4/top/anime?page=56
2025-04-11 11:32:34,044 - INFO - ⚠️ L'anime ID: 28069 existe déjà dans la base de données. Ignorer...
2025-04-11 11:32:34,044 - INFO - ⚠️ L'anime ID: 997 existe déjà dans la base de données. Ignorer...
2025-04-11 11:32:34,044 - INFO - ⚠️ L'anime ID: 36214 existe déjà dans la base de données. Ignorer...
2025-04-11 11:32:34,044 - INFO - ⚠️ L'anime ID: 48426 existe déjà dans la base de données. Ignorer...
2025-04-11 11:32:34,044 - INFO - ⚠️ L'anime ID: 49778 existe déjà dans la base de données. Ignorer...
2025-04-11 11:32:34,044 - INFO - ⚠️ L'anime ID: 2313 existe déjà dans la base de données. Ignorer...
2025-04-11 11:32:34,044 - INFO - ⚠️ L'anime ID: 48804 existe déjà dans la base de données. Ignorer...
2025-04-11 11:32:34,045 - INFO - ⚠️ L'anime ID: 324 existe déjà dans la base de données. Ignorer...
2025-04-11 11:32:34,045 - INFO - ⚠️ L'anime ID: 50275 existe déjà dans la base de données. Ignorer...
2025-04-11 11:32:34,045 - INFO - ⚠️ L'anime ID: 120 existe déjà dans la base de données. Ignorer...
2025-04-11 11:32:34,045 - INFO - ⚠️ L'anime ID: 21339 existe déjà dans la base de données. Ignorer...
2025-04-11 11:32:34,045 - INFO - ⚠️ L'anime ID: 61295 existe déjà dans la base de données. Ignorer...
2025-04-11 11:32:34,046 - INFO - ⚠️ L'anime ID: 60449 existe déjà dans la base de données. Ignorer...
2025-04-11 11:32:34,046 - INFO - ⚠️ L'anime ID: 58812 existe déjà dans la base de données. Ignorer...
2025-04-11 11:32:34,046 - INFO - ⚠️ L'anime ID: 53747 existe déjà dans la base de données. Ignorer...
2025-04-11 11:32:34,046 - INFO - ⚠️ L'anime ID: 53580 existe déjà dans la base de données. Ignorer...
2025-04-11 11:32:34,046 - INFO - ⛔ L'anime 'Kill la Kill Specials' ignoré en raison du contenu pour adultes: Action, Comedy, Fantasy, Ecchi
2025-04-11 11:32:35,038 - INFO - 📡 Récupération des données depuis: https://api.jikan.moe/v4/anime/13119/full
2025-04-11 11:32:36,084 - INFO - 📡 Récupération des données depuis: https://api.jikan.moe/v4/anime/13119/staff
2025-04-11 11:32:36,132 - INFO - 🔹 L'anime 'Hakuoki ~Demon of the Fleeting Blossom~ Warrior Spirit of the Blue Sky' préparé pour l'insertion.
2025-04-11 11:32:37,126 - INFO - 📡 Récupération des données depuis: https://api.jikan.moe/v4/anime/28907/full
2025-04-11 11:32:38,171 - INFO - 📡 Récupération des données depuis: https://api.jikan.moe/v4/manga/41733
2025-04-11 11:32:38,221 - INFO - 🔹 L'anime 'GATE' préparé pour l'insertion.
2025-04-11 11:32:39,220 - INFO - 📡 Récupération des données depuis: https://api.jikan.moe/v4/anime/34544/full
2025-04-11 11:32:40,266 - INFO - 📡 Récupération des données depuis: https://api.jikan.moe/v4/anime/34544/staff
2025-04-11 11:32:40,313 - INFO - 🔹 L'anime 'Kabaneri of the Iron Fortress: The Battle of Unato' préparé pour l'insertion.
2025-04-11 11:32:40,313 - INFO - ⚠️ L'anime ID: 87 existe déjà dans la base de données. Ignorer...
2025-04-11 11:32:41,311 - INFO - 📡 Récupération des données depuis: https://api.jikan.moe/v4/anime/39619/full
2025-04-11 11:32:42,355 - INFO - 📡 Récupération des données depuis: https://api.jikan.moe/v4/anime/39619/staff
2025-04-11 11:32:43,256 - INFO - 🔹 L'anime 'BanG Dream! Film Live' préparé pour l'insertion.
2025-04-11 11:32:44,255 - INFO - 📡 Récupération des données depuis: https://api.jikan.moe/v4/anime/39959/full
2025-04-11 11:32:46,306 - INFO - 📡 Récupération des données depuis: https://api.jikan.moe/v4/manga/104937
2025-04-11 11:32:46,355 - INFO - 🔹 L'anime 'Ani ni Tsukeru Kusuri wa Nai! 3' préparé pour l'insertion.
2025-04-11 11:32:47,351 - INFO - 📡 Récupération des données depuis: https://api.jikan.moe/v4/anime/35860/full
2025-04-11 11:32:48,563 - INFO - 📡 Récupération des données depuis: https://api.jikan.moe/v4/manga/78537
2025-04-11 11:32:48,739 - INFO - 🔹 L'anime 'Teasing Master Takagi-san' préparé pour l'insertion.
2025-04-11 11:32:49,737 - INFO - 📡 Récupération des données depuis: https://api.jikan.moe/v4/anime/2582/full
2025-04-11 11:32:50,889 - INFO - 📡 Récupération des données depuis: https://api.jikan.moe/v4/manga/87600
2025-04-11 11:32:51,783 - INFO - 🔹 L'anime 'Armored Trooper Votoms' préparé pour l'insertion.
2025-04-11 11:33:11,095 - ERROR - ❌ Tentative 1 échouée pour TRENDING: MySQL Connection not available
2025-04-11 11:33:16,102 - INFO - 🔄 Utilisation du cache pour: https://api.jikan.moe/v4/top/anime?page=56
2025-04-11 11:33:16,103 - INFO - ⚠️ L'anime ID: 28069 existe déjà dans la base de données. Ignorer...
2025-04-11 11:33:16,103 - INFO - ⚠️ L'anime ID: 997 existe déjà dans la base de données. Ignorer...
2025-04-11 11:33:16,104 - INFO - ⚠️ L'anime ID: 36214 existe déjà dans la base de données. Ignorer...
2025-04-11 11:33:16,104 - INFO - ⚠️ L'anime ID: 48426 existe déjà dans la base de données. Ignorer...
2025-04-11 11:33:16,104 - INFO - ⚠️ L'anime ID: 49778 existe déjà dans la base de données. Ignorer...
2025-04-11 11:33:16,105 - INFO - ⚠️ L'anime ID: 2313 existe déjà dans la base de données. Ignorer...
2025-04-11 11:33:16,105 - INFO - ⚠️ L'anime ID: 48804 existe déjà dans la base de données. Ignorer...
2025-04-11 11:33:16,106 - INFO - ⚠️ L'anime ID: 324 existe déjà dans la base de données. Ignorer...
2025-04-11 11:33:16,106 - INFO - ⚠️ L'anime ID: 50275 existe déjà dans la base de données. Ignorer...
2025-04-11 11:33:16,106 - INFO - ⚠️ L'anime ID: 120 existe déjà dans la base de données. Ignorer...
2025-04-11 11:33:16,107 - INFO - ⚠️ L'anime ID: 21339 existe déjà dans la base de données. Ignorer...
2025-04-11 11:33:16,107 - INFO - ⚠️ L'anime ID: 61295 existe déjà dans la base de données. Ignorer...
2025-04-11 11:33:16,107 - INFO - ⚠️ L'anime ID: 60449 existe déjà dans la base de données. Ignorer...
2025-04-11 11:33:16,107 - INFO - ⚠️ L'anime ID: 58812 existe déjà dans la base de données. Ignorer...
2025-04-11 11:33:16,108 - INFO - ⚠️ L'anime ID: 53747 existe déjà dans la base de données. Ignorer...
2025-04-11 11:33:16,108 - INFO - ⚠️ L'anime ID: 53580 existe déjà dans la base de données. Ignorer...
2025-04-11 11:33:16,109 - INFO - ⛔ L'anime 'Kill la Kill Specials' ignoré en raison du contenu pour adultes: Action, Comedy, Fantasy, Ecchi
2025-04-11 11:33:16,109 - INFO - ⚠️ L'anime ID: 13119 existe déjà dans la base de données. Ignorer...
2025-04-11 11:33:16,109 - INFO - ⚠️ L'anime ID: 28907 existe déjà dans la base de données. Ignorer...
2025-04-11 11:33:16,110 - INFO - ⚠️ L'anime ID: 34544 existe déjà dans la base de données. Ignorer...
2025-04-11 11:33:16,110 - INFO - ⚠️ L'anime ID: 87 existe déjà dans la base de données. Ignorer...
2025-04-11 11:33:16,111 - INFO - ⚠️ L'anime ID: 39619 existe déjà dans la base de données. Ignorer...
2025-04-11 11:33:16,111 - INFO - ⚠️ L'anime ID: 39959 existe déjà dans la base de données. Ignorer...
2025-04-11 11:33:16,111 - INFO - ⚠️ L'anime ID: 35860 existe déjà dans la base de données. Ignorer...
2025-04-11 11:33:16,111 - INFO - ⚠️ L'anime ID: 2582 existe déjà dans la base de données. Ignorer...
2025-04-11 11:33:16,112 - ERROR - ❌ Tentative 2 échouée pour TRENDING: MySQL Connection not available
2025-04-11 11:33:21,117 - INFO - 🔄 Utilisation du cache pour: https://api.jikan.moe/v4/top/anime?page=56
2025-04-11 11:33:21,118 - INFO - ⚠️ L'anime ID: 28069 existe déjà dans la base de données. Ignorer...
2025-04-11 11:33:21,119 - INFO - ⚠️ L'anime ID: 997 existe déjà dans la base de données. Ignorer...
2025-04-11 11:33:21,119 - INFO - ⚠️ L'anime ID: 36214 existe déjà dans la base de données. Ignorer...
2025-04-11 11:33:21,120 - INFO - ⚠️ L'anime ID: 48426 existe déjà dans la base de données. Ignorer...
2025-04-11 11:33:21,122 - INFO - ⚠️ L'anime ID: 49778 existe déjà dans la base de données. Ignorer...
2025-04-11 11:33:21,122 - INFO - ⚠️ L'anime ID: 2313 existe déjà dans la base de données. Ignorer...
2025-04-11 11:33:21,122 - INFO - ⚠️ L'anime ID: 48804 existe déjà dans la base de données. Ignorer...
2025-04-11 11:33:21,123 - INFO - ⚠️ L'anime ID: 324 existe déjà dans la base de données. Ignorer...
2025-04-11 11:33:21,124 - INFO - ⚠️ L'anime ID: 50275 existe déjà dans la base de données. Ignorer...
2025-04-11 11:33:21,125 - INFO - ⚠️ L'anime ID: 120 existe déjà dans la base de données. Ignorer...
2025-04-11 11:33:21,125 - INFO - ⚠️ L'anime ID: 21339 existe déjà dans la base de données. Ignorer...
2025-04-11 11:33:21,126 - INFO - ⚠️ L'anime ID: 61295 existe déjà dans la base de données. Ignorer...
2025-04-11 11:33:21,127 - INFO - ⚠️ L'anime ID: 60449 existe déjà dans la base de données. Ignorer...
2025-04-11 11:33:21,128 - INFO - ⚠️ L'anime ID: 58812 existe déjà dans la base de données. Ignorer...
2025-04-11 11:33:21,128 - INFO - ⚠️ L'anime ID: 53747 existe déjà dans la base de données. Ignorer...
2025-04-11 11:33:21,129 - INFO - ⚠️ L'anime ID: 53580 existe déjà dans la base de données. Ignorer...
2025-04-11 11:33:21,129 - INFO - ⛔ L'anime 'Kill la Kill Specials' ignoré en raison du contenu pour adultes: Action, Comedy, Fantasy, Ecchi
2025-04-11 11:33:21,130 - INFO - ⚠️ L'anime ID: 13119 existe déjà dans la base de données. Ignorer...
2025-04-11 11:33:21,130 - INFO - ⚠️ L'anime ID: 28907 existe déjà dans la base de données. Ignorer...
2025-04-11 11:33:21,131 - INFO - ⚠️ L'anime ID: 34544 existe déjà dans la base de données. Ignorer...
2025-04-11 11:33:21,132 - INFO - ⚠️ L'anime ID: 87 existe déjà dans la base de données. Ignorer...
2025-04-11 11:33:21,133 - INFO - ⚠️ L'anime ID: 39619 existe déjà dans la base de données. Ignorer...
2025-04-11 11:33:21,133 - INFO - ⚠️ L'anime ID: 39959 existe déjà dans la base de données. Ignorer...
2025-04-11 11:33:21,134 - INFO - ⚠️ L'anime ID: 35860 existe déjà dans la base de données. Ignorer...
2025-04-11 11:33:21,134 - INFO - ⚠️ L'anime ID: 2582 existe déjà dans la base de données. Ignorer...
2025-04-11 11:33:21,135 - ERROR - ❌ Tentative 3 échouée pour TRENDING: MySQL Connection not available
2025-04-11 11:33:26,137 - WARNING - ⚠️ Échec du traitement de la page pour TRENDING après 3 tentatives. Passage à la page suivante...
2025-04-11 11:33:26,138 - DEBUG - 
🔍 État des catégories vides après TRENDING: {'trending': False, 'upcoming': False, 'general': False}
2025-04-11 11:33:26,139 - WARNING - 
⚠️ Page 56 pour UPCOMING: forçage de vérification spéciale
2025-04-11 11:33:26,140 - INFO - 📡 Récupération des données depuis: https://api.jikan.moe/v4/seasons/upcoming?page=56
2025-04-11 11:33:26,335 - INFO - 🔄 Utilisation du cache pour: https://api.jikan.moe/v4/seasons/upcoming?page=56
2025-04-11 11:33:26,337 - INFO - 🔄 Utilisation du cache pour: https://api.jikan.moe/v4/seasons/upcoming?page=56
2025-04-11 11:33:26,337 - WARNING - 
🚫 UPCOMING forcé comme vide après 3 erreurs à la page 56
2025-04-11 11:33:26,338 - INFO - 
📅 Catégorie UPCOMING ignorée (précédemment détectée comme vide).
2025-04-11 11:33:26,338 - DEBUG - 
🔍 État des catégories vides après UPCOMING: {'trending': False, 'upcoming': True, 'general': False}
2025-04-11 11:33:26,339 - WARNING - 
🚫 SOLUTION DE SECOURS: Force le statut vide pour UPCOMING après la page 56
2025-04-11 11:33:26,340 - INFO - 
🔍 Catégorie: GENERAL
2025-04-11 11:33:26,341 - ERROR - 
❌ Erreur inattendue: MySQL Connection not available
