2025-04-11 11:35:58,957 - DEBUG - 
🔍 État initial des catégories vides: {'trending': False, 'upcoming': False, 'general': False}
2025-04-11 11:35:59,080 - INFO - ℹ️ 2817 animés déjà présents dans la base de données.
2025-04-11 11:35:59,082 - INFO - 
📋 CONFIGURATION:
2025-04-11 11:35:59,082 - INFO -   - Page de départ: 56
2025-04-11 11:35:59,082 - INFO -   - Page de fin: Non spécifiée (va jusqu'à la fin)
2025-04-11 11:35:59,082 - INFO -   - Filtre contenu adulte: Activé
2025-04-11 11:35:59,083 - INFO -   - Recherche détaillée des créateurs: Activée
2025-04-11 11:35:59,083 - INFO -   - Taille des lots d'insertion: 10
2025-04-11 11:35:59,083 - INFO -   - Cache des requêtes API: cache
2025-04-11 11:35:59,083 - INFO - 
🚀 Démarrage de l'ajout des animés...

2025-04-11 11:35:59,083 - INFO - 
🔄 Traitement de la page 56
2025-04-11 11:35:59,084 - DEBUG - 
🔍 État des catégories vides avant le traitement: {'trending': False, 'upcoming': False, 'general': False}
2025-04-11 11:35:59,084 - INFO - 
🔥 Catégorie: TRENDING
2025-04-11 11:35:59,097 - INFO - 🔄 Utilisation du cache pour: https://api.jikan.moe/v4/top/anime?page=56
2025-04-11 11:35:59,097 - INFO - ⚠️ L'anime ID: 28069 existe déjà dans la base de données. Ignorer...
2025-04-11 11:35:59,097 - INFO - ⚠️ L'anime ID: 997 existe déjà dans la base de données. Ignorer...
2025-04-11 11:35:59,097 - INFO - ⚠️ L'anime ID: 36214 existe déjà dans la base de données. Ignorer...
2025-04-11 11:35:59,097 - INFO - ⚠️ L'anime ID: 48426 existe déjà dans la base de données. Ignorer...
2025-04-11 11:35:59,097 - INFO - ⚠️ L'anime ID: 49778 existe déjà dans la base de données. Ignorer...
2025-04-11 11:35:59,097 - INFO - ⚠️ L'anime ID: 2313 existe déjà dans la base de données. Ignorer...
2025-04-11 11:35:59,097 - INFO - ⚠️ L'anime ID: 48804 existe déjà dans la base de données. Ignorer...
2025-04-11 11:35:59,097 - INFO - ⚠️ L'anime ID: 324 existe déjà dans la base de données. Ignorer...
2025-04-11 11:35:59,097 - INFO - ⚠️ L'anime ID: 50275 existe déjà dans la base de données. Ignorer...
2025-04-11 11:35:59,098 - INFO - ⚠️ L'anime ID: 120 existe déjà dans la base de données. Ignorer...
2025-04-11 11:35:59,098 - INFO - ⚠️ L'anime ID: 21339 existe déjà dans la base de données. Ignorer...
2025-04-11 11:35:59,098 - INFO - ⚠️ L'anime ID: 61295 existe déjà dans la base de données. Ignorer...
2025-04-11 11:35:59,098 - INFO - ⚠️ L'anime ID: 60449 existe déjà dans la base de données. Ignorer...
2025-04-11 11:35:59,098 - INFO - ⚠️ L'anime ID: 58812 existe déjà dans la base de données. Ignorer...
2025-04-11 11:35:59,098 - INFO - ⚠️ L'anime ID: 53747 existe déjà dans la base de données. Ignorer...
2025-04-11 11:35:59,098 - INFO - ⚠️ L'anime ID: 53580 existe déjà dans la base de données. Ignorer...
2025-04-11 11:35:59,098 - INFO - ⛔ L'anime 'Kill la Kill Specials' ignoré en raison du contenu pour adultes: Action, Comedy, Fantasy, Ecchi
2025-04-11 11:35:59,098 - INFO - ⚠️ L'anime ID: 13119 existe déjà dans la base de données. Ignorer...
2025-04-11 11:35:59,099 - INFO - ⚠️ L'anime ID: 28907 existe déjà dans la base de données. Ignorer...
2025-04-11 11:35:59,099 - INFO - ⚠️ L'anime ID: 34544 existe déjà dans la base de données. Ignorer...
2025-04-11 11:35:59,099 - INFO - ⚠️ L'anime ID: 87 existe déjà dans la base de données. Ignorer...
2025-04-11 11:35:59,099 - INFO - ⚠️ L'anime ID: 39619 existe déjà dans la base de données. Ignorer...
2025-04-11 11:35:59,099 - INFO - ⚠️ L'anime ID: 39959 existe déjà dans la base de données. Ignorer...
2025-04-11 11:35:59,099 - INFO - ⚠️ L'anime ID: 35860 existe déjà dans la base de données. Ignorer...
2025-04-11 11:35:59,099 - INFO - ⚠️ L'anime ID: 2582 existe déjà dans la base de données. Ignorer...
2025-04-11 11:35:59,099 - DEBUG - 
🔍 État des catégories vides après TRENDING: {'trending': False, 'upcoming': False, 'general': False}
2025-04-11 11:35:59,100 - WARNING - 
⚠️ Page 56 pour UPCOMING: forçage de vérification spéciale
2025-04-11 11:35:59,100 - INFO - 🔄 Utilisation du cache pour: https://api.jikan.moe/v4/seasons/upcoming?page=56
2025-04-11 11:35:59,100 - INFO - 🔄 Utilisation du cache pour: https://api.jikan.moe/v4/seasons/upcoming?page=56
2025-04-11 11:35:59,101 - INFO - 🔄 Utilisation du cache pour: https://api.jikan.moe/v4/seasons/upcoming?page=56
2025-04-11 11:35:59,102 - WARNING - 
🚫 UPCOMING forcé comme vide après 3 erreurs à la page 56
2025-04-11 11:35:59,102 - INFO - 
📅 Catégorie UPCOMING ignorée (précédemment détectée comme vide).
2025-04-11 11:35:59,102 - DEBUG - 
🔍 État des catégories vides après UPCOMING: {'trending': False, 'upcoming': True, 'general': False}
2025-04-11 11:35:59,102 - WARNING - 
🚫 SOLUTION DE SECOURS: Force le statut vide pour UPCOMING après la page 56
2025-04-11 11:35:59,102 - INFO - 
🔍 Catégorie: GENERAL
2025-04-11 11:35:59,115 - INFO - 🔄 Utilisation du cache pour: https://api.jikan.moe/v4/anime?page=56
2025-04-11 11:35:59,116 - INFO - ⚠️ L'anime ID: 1514 existe déjà dans la base de données. Ignorer...
2025-04-11 11:35:59,116 - INFO - ⚠️ L'anime ID: 1515 existe déjà dans la base de données. Ignorer...
2025-04-11 11:35:59,116 - INFO - ⚠️ L'anime ID: 1516 existe déjà dans la base de données. Ignorer...
2025-04-11 11:35:59,116 - INFO - ⚠️ L'anime ID: 1517 existe déjà dans la base de données. Ignorer...
2025-04-11 11:35:59,116 - INFO - ⚠️ L'anime ID: 1519 existe déjà dans la base de données. Ignorer...
2025-04-11 11:35:59,116 - INFO - ⚠️ L'anime ID: 1520 existe déjà dans la base de données. Ignorer...
2025-04-11 11:35:59,116 - INFO - ⚠️ L'anime ID: 1521 existe déjà dans la base de données. Ignorer...
2025-04-11 11:35:59,117 - INFO - ⚠️ L'anime ID: 1524 existe déjà dans la base de données. Ignorer...
2025-04-11 11:35:59,117 - INFO - ⚠️ L'anime ID: 1525 existe déjà dans la base de données. Ignorer...
2025-04-11 11:35:59,117 - INFO - ⚠️ L'anime ID: 1526 existe déjà dans la base de données. Ignorer...
2025-04-11 11:35:59,117 - INFO - ⚠️ L'anime ID: 1527 existe déjà dans la base de données. Ignorer...
2025-04-11 11:35:59,117 - INFO - ⚠️ L'anime ID: 1528 existe déjà dans la base de données. Ignorer...
2025-04-11 11:35:59,117 - INFO - ⛔ L'anime 'Devadasy' ignoré en raison du contenu pour adultes: Action, Ecchi
2025-04-11 11:35:59,117 - INFO - ⚠️ L'anime ID: 1530 existe déjà dans la base de données. Ignorer...
2025-04-11 11:35:59,118 - INFO - ⛔ L'anime 'Shakugan no Shana: Koi to Onsen no Kougai Gakushuu!' ignoré en raison du contenu pour adultes: Comedy, Fantasy, Romance, Ecchi
2025-04-11 11:35:59,118 - INFO - ⚠️ L'anime ID: 1532 existe déjà dans la base de données. Ignorer...
2025-04-11 11:35:59,118 - INFO - ⚠️ L'anime ID: 1533 existe déjà dans la base de données. Ignorer...
2025-04-11 11:35:59,118 - INFO - ⚠️ L'anime ID: 1534 existe déjà dans la base de données. Ignorer...
2025-04-11 11:35:59,118 - INFO - ⚠️ L'anime ID: 1535 existe déjà dans la base de données. Ignorer...
2025-04-11 11:35:59,118 - INFO - ⚠️ L'anime ID: 1536 existe déjà dans la base de données. Ignorer...
2025-04-11 11:35:59,118 - INFO - ⚠️ L'anime ID: 1537 existe déjà dans la base de données. Ignorer...
2025-04-11 11:35:59,118 - INFO - ⚠️ L'anime ID: 1538 existe déjà dans la base de données. Ignorer...
2025-04-11 11:35:59,118 - INFO - ⚠️ L'anime ID: 1539 existe déjà dans la base de données. Ignorer...
2025-04-11 11:35:59,118 - INFO - ⚠️ L'anime ID: 1540 existe déjà dans la base de données. Ignorer...
2025-04-11 11:35:59,118 - INFO - ⚠️ L'anime ID: 1541 existe déjà dans la base de données. Ignorer...
2025-04-11 11:35:59,118 - DEBUG - 
🔍 État final des catégories vides: {'trending': False, 'upcoming': True, 'general': False}
2025-04-11 11:35:59,130 - INFO - 
🔄 Traitement de la page 57
2025-04-11 11:35:59,131 - DEBUG - 
🔍 État des catégories vides avant le traitement: {'trending': False, 'upcoming': True, 'general': False}
2025-04-11 11:35:59,131 - INFO - 
🔥 Catégorie: TRENDING
2025-04-11 11:35:59,144 - INFO - 🔄 Utilisation du cache pour: https://api.jikan.moe/v4/top/anime?page=57
2025-04-11 11:35:59,144 - INFO - 📡 Récupération des données depuis: https://api.jikan.moe/v4/anime/32370/full
2025-04-11 11:36:00,569 - INFO - 📡 Récupération des données depuis: https://api.jikan.moe/v4/manga/24
2025-04-11 11:36:00,759 - INFO - 🔹 L'anime 'D.Gray-man HALLOW' préparé pour l'insertion.
2025-04-11 11:36:01,753 - INFO - 📡 Récupération des données depuis: https://api.jikan.moe/v4/anime/2547/full
2025-04-11 11:36:03,023 - INFO - 📡 Récupération des données depuis: https://api.jikan.moe/v4/anime/2547/staff
2025-04-11 11:36:03,261 - INFO - 🔹 L'anime 'A Little Princess Sara' préparé pour l'insertion.
2025-04-11 11:36:04,259 - INFO - 📡 Récupération des données depuis: https://api.jikan.moe/v4/anime/44586/full
2025-04-11 11:36:12,833 - WARNING - 
⚠️ Opération interrompue par l'utilisateur
2025-04-11 11:36:12,835 - INFO - 
📊 RÉSUMÉ:
2025-04-11 11:36:12,836 - INFO -   - Pages traitées: 1
2025-04-11 11:36:12,836 - INFO -   - Dernière page traitée: 57
2025-04-11 11:36:12,836 - INFO -   - Durée d'exécution: 13.88 secondes
2025-04-11 11:36:12,837 - INFO - 
✅ Connexion à la base de données fermée
