2025-05-13 10:54:42,834 - INFO - [bold yellow]Initializing database connection pool...[/bold yellow]
2025-05-13 10:54:42,965 - INFO - [bold green]Connection pool initialized with 5 connections![/bold green]
2025-05-13 10:54:42,966 - INFO - [bold yellow]Récupération de la liste des jeux depuis l'API Steam...[/bold yellow]
2025-05-13 10:54:43,182 - INFO - [green]Liste des jeux trouvée dans le cache[/green]
2025-05-13 10:54:43,182 - INFO - [bold blue]Nombre total de jeux trouvés: 246539[/bold blue]
2025-05-13 10:54:43,193 - INFO - [bold blue]Nombre de jeux avec titre: 246504[/bold blue]
2025-05-13 10:54:43,327 - INFO - [bold blue]Nombre de jeux après filtrage des tests: 207906[/bold blue]
2025-05-13 10:54:43,392 - INFO - [bold yellow]Sélection aléatoire de 50 jeux.[/bold yellow]
2025-05-13 10:54:43,393 - INFO - [bold yellow]Traitement du lot 1/5[/bold yellow]
2025-05-13 10:54:43,395 - INFO - [yellow]Récupération des détails pour le jeu 2140700...[/yellow]
2025-05-13 10:54:43,397 - INFO - [yellow]Récupération des détails pour le jeu 2687950...[/yellow]
2025-05-13 10:54:43,398 - INFO - [yellow]Récupération des détails pour le jeu 1652550...[/yellow]
2025-05-13 10:54:43,400 - INFO - [yellow]Récupération des détails pour le jeu 2181380...[/yellow]
2025-05-13 10:54:43,952 - INFO - [yellow]Préparation des données pour l'insertion...[/yellow]
2025-05-13 10:54:43,953 - INFO - [yellow]Préparation des données pour l'insertion...[/yellow]
2025-05-13 10:54:43,955 - INFO - [yellow]Insertion du jeu dans la base de données...[/yellow]
2025-05-13 10:54:43,956 - INFO - [yellow]Insertion du jeu dans la base de données...[/yellow]
2025-05-13 10:54:43,959 - ERROR - [bold red]Error inserting game Shattered Kingdoms:[/bold red]
2025-05-13 10:54:43,960 - ERROR - [red]Error code: 0[/red]
2025-05-13 10:54:43,960 - ERROR - [red]Error message: [/red]
2025-05-13 10:54:43,961 - INFO - [yellow]Récupération des détails pour le jeu 2055761...[/yellow]
2025-05-13 10:54:43,972 - INFO - [yellow]Préparation des données pour l'insertion...[/yellow]
2025-05-13 10:54:43,976 - INFO - [yellow]Préparation des données pour l'insertion...[/yellow]
2025-05-13 10:54:43,978 - INFO - [yellow]Insertion du jeu dans la base de données...[/yellow]
2025-05-13 10:54:43,979 - INFO - [yellow]Insertion du jeu dans la base de données...[/yellow]
2025-05-13 10:54:43,983 - INFO - [bold green]Game inserted successfully: RUINWAKER[/bold green]
2025-05-13 10:54:43,984 - INFO - [yellow]Récupération des détails pour le jeu 2403270...[/yellow]
2025-05-13 10:54:43,988 - INFO - [bold green]Game inserted successfully: SO BELOW[/bold green]
2025-05-13 10:54:43,990 - INFO - [yellow]Récupération des détails pour le jeu 1368030...[/yellow]
2025-05-13 10:54:43,990 - ERROR - [red]Erreur lors du traitement d'un jeu: (0, '')[/red]
2025-05-13 10:54:43,990 - INFO - [bold green]Game inserted successfully: Weapon for Clip maker[/bold green]
2025-05-13 10:54:43,990 - INFO - [yellow]Récupération des détails pour le jeu 1087425...[/yellow]
2025-05-13 10:54:44,455 - WARNING - [red]Aucun détail trouvé pour l'ID: 2055761[/red]
2025-05-13 10:54:44,457 - INFO - [yellow]Récupération des détails pour le jeu 745510...[/yellow]
2025-05-13 10:54:44,492 - INFO - [yellow]Préparation des données pour l'insertion...[/yellow]
2025-05-13 10:54:44,494 - INFO - [yellow]Insertion du jeu dans la base de données...[/yellow]
2025-05-13 10:54:44,498 - INFO - [yellow]Préparation des données pour l'insertion...[/yellow]
2025-05-13 10:54:44,500 - INFO - [yellow]Préparation des données pour l'insertion...[/yellow]
2025-05-13 10:54:44,500 - INFO - [yellow]Insertion du jeu dans la base de données...[/yellow]
2025-05-13 10:54:44,502 - INFO - [yellow]Insertion du jeu dans la base de données...[/yellow]
2025-05-13 10:54:44,508 - INFO - [bold green]Game inserted successfully: Hot And Lovely ：Violet[/bold green]
2025-05-13 10:54:44,508 - INFO - [yellow]Récupération des détails pour le jeu 751530...[/yellow]
2025-05-13 10:54:44,510 - INFO - [bold green]Game inserted successfully: NTBSS: Master Character Training Pack - Ino Yamanaka[/bold green]
2025-05-13 10:54:44,514 - INFO - [bold green]Game inserted successfully: ANNO: Mutationem[/bold green]
2025-05-13 10:54:44,883 - INFO - [yellow]Préparation des données pour l'insertion...[/yellow]
2025-05-13 10:54:44,887 - INFO - [yellow]Insertion du jeu dans la base de données...[/yellow]
2025-05-13 10:54:44,900 - INFO - [bold green]Game inserted successfully: Fidget Spinner In Space[/bold green]
2025-05-13 10:54:44,917 - INFO - [yellow]Préparation des données pour l'insertion...[/yellow]
2025-05-13 10:54:44,919 - INFO - [yellow]Insertion du jeu dans la base de données...[/yellow]
2025-05-13 10:54:44,930 - INFO - [bold green]Game inserted successfully: Dog Fight Super Ultra Deluxe[/bold green]
2025-05-13 10:54:44,931 - INFO - [blue]Progression: 10/50 jeux traités[/blue]
2025-05-13 10:54:44,932 - INFO - [bold yellow]Traitement du lot 2/5[/bold yellow]
2025-05-13 10:54:44,932 - INFO - [yellow]Récupération des détails pour le jeu 932210...[/yellow]
2025-05-13 10:54:44,933 - INFO - [yellow]Récupération des détails pour le jeu 1703151...[/yellow]
2025-05-13 10:54:44,934 - INFO - [yellow]Récupération des détails pour le jeu 2231070...[/yellow]
2025-05-13 10:54:44,934 - INFO - [yellow]Récupération des détails pour le jeu 1287061...[/yellow]
2025-05-13 10:54:45,440 - INFO - [yellow]Préparation des données pour l'insertion...[/yellow]
2025-05-13 10:54:45,447 - INFO - [yellow]Insertion du jeu dans la base de données...[/yellow]
2025-05-13 10:54:45,447 - INFO - [yellow]Préparation des données pour l'insertion...[/yellow]
2025-05-13 10:54:45,449 - INFO - [yellow]Préparation des données pour l'insertion...[/yellow]
2025-05-13 10:54:45,450 - INFO - [yellow]Insertion du jeu dans la base de données...[/yellow]
2025-05-13 10:54:45,451 - INFO - [yellow]Insertion du jeu dans la base de données...[/yellow]
2025-05-13 10:54:45,455 - INFO - [bold green]Game inserted successfully: Monster Hunter World: Iceborne - Pendant: Velkhana Snow Talisman[/bold green]
2025-05-13 10:54:45,456 - INFO - [yellow]Récupération des détails pour le jeu 2121840...[/yellow]
2025-05-13 10:54:45,459 - INFO - [yellow]Préparation des données pour l'insertion...[/yellow]
2025-05-13 10:54:45,461 - INFO - [yellow]Insertion du jeu dans la base de données...[/yellow]
2025-05-13 10:54:45,463 - INFO - [bold green]Game inserted successfully: Modding Tool Add-on - Power & Revolution 2021 Edition[/bold green]
2025-05-13 10:54:45,463 - INFO - [yellow]Récupération des détails pour le jeu 1224160...[/yellow]
2025-05-13 10:54:45,465 - INFO - [yellow]Récupération des détails pour le jeu 3030020...[/yellow]
2025-05-13 10:54:45,465 - ERROR - [red]Erreur lors du traitement d'un jeu: 'NoneType' object has no attribute 'settimeout'[/red]
2025-05-13 10:54:45,511 - INFO - [bold green]Game inserted successfully: 150 Floors[/bold green]
2025-05-13 10:54:45,512 - INFO - [yellow]Récupération des détails pour le jeu 2076830...[/yellow]
2025-05-13 10:54:45,970 - INFO - [yellow]Préparation des données pour l'insertion...[/yellow]
2025-05-13 10:54:45,973 - INFO - [yellow]Préparation des données pour l'insertion...[/yellow]
2025-05-13 10:54:45,973 - INFO - [yellow]Préparation des données pour l'insertion...[/yellow]
2025-05-13 10:54:45,974 - INFO - [yellow]Insertion du jeu dans la base de données...[/yellow]
2025-05-13 10:54:45,975 - INFO - [yellow]Récupération des détails pour le jeu 1707280...[/yellow]
2025-05-13 10:54:45,985 - INFO - [yellow]Préparation des données pour l'insertion...[/yellow]
2025-05-13 10:54:45,987 - INFO - [yellow]Insertion du jeu dans la base de données...[/yellow]
2025-05-13 10:54:45,988 - INFO - [yellow]Insertion du jeu dans la base de données...[/yellow]
2025-05-13 10:54:45,989 - INFO - [bold green]Game inserted successfully: 江山如画[/bold green]
2025-05-13 10:54:45,990 - INFO - [yellow]Récupération des détails pour le jeu 2718380...[/yellow]
2025-05-13 10:54:45,999 - INFO - [bold green]Game inserted successfully: HAXWARE: Enforcer Games[/bold green]
2025-05-13 10:54:46,000 - INFO - [bold green]Game inserted successfully: Sisterly Lust[/bold green]
2025-05-13 10:54:46,000 - ERROR - [red]Erreur lors du traitement d'un jeu: 'NoneType' object has no attribute 'settimeout'[/red]
2025-05-13 10:54:46,413 - INFO - [yellow]Préparation des données pour l'insertion...[/yellow]
2025-05-13 10:54:46,418 - INFO - [yellow]Préparation des données pour l'insertion...[/yellow]
2025-05-13 10:54:46,419 - INFO - [yellow]Insertion du jeu dans la base de données...[/yellow]
2025-05-13 10:54:46,421 - INFO - [yellow]Insertion du jeu dans la base de données...[/yellow]
2025-05-13 10:54:46,430 - INFO - [bold green]Game inserted successfully: ShiroKuro's Adventure[/bold green]
2025-05-13 10:54:46,430 - INFO - [bold green]Game inserted successfully: Pocket Pusher - The Warehouse[/bold green]
2025-05-13 10:54:46,431 - INFO - [blue]Progression: 20/50 jeux traités[/blue]
2025-05-13 10:54:46,432 - INFO - [bold yellow]Traitement du lot 3/5[/bold yellow]
2025-05-13 10:54:46,432 - INFO - [yellow]Récupération des détails pour le jeu 3145600...[/yellow]
2025-05-13 10:54:46,433 - INFO - [yellow]Récupération des détails pour le jeu 1270670...[/yellow]
2025-05-13 10:54:46,434 - INFO - [yellow]Récupération des détails pour le jeu 752940...[/yellow]
2025-05-13 10:54:46,435 - INFO - [yellow]Récupération des détails pour le jeu 2986190...[/yellow]
2025-05-13 10:54:46,937 - INFO - [yellow]Préparation des données pour l'insertion...[/yellow]
2025-05-13 10:54:46,944 - INFO - [yellow]Insertion du jeu dans la base de données...[/yellow]
2025-05-13 10:54:46,945 - WARNING - [red]Aucun détail trouvé pour l'ID: 752940[/red]
2025-05-13 10:54:46,948 - INFO - [yellow]Préparation des données pour l'insertion...[/yellow]
2025-05-13 10:54:46,949 - INFO - [yellow]Récupération des détails pour le jeu 752770...[/yellow]
2025-05-13 10:54:46,953 - ERROR - [bold red]Error inserting game Sifra:[/bold red]
2025-05-13 10:54:46,954 - INFO - [yellow]Récupération des détails pour le jeu 1761730...[/yellow]
2025-05-13 10:54:46,954 - ERROR - [red]Error code: 0[/red]
2025-05-13 10:54:46,955 - ERROR - [red]Error message: [/red]
2025-05-13 10:54:46,956 - INFO - [yellow]Récupération des détails pour le jeu 2533980...[/yellow]
2025-05-13 10:54:46,956 - ERROR - [red]Erreur lors du traitement d'un jeu: (0, '')[/red]
2025-05-13 10:54:46,972 - INFO - [yellow]Préparation des données pour l'insertion...[/yellow]
2025-05-13 10:54:47,014 - INFO - [yellow]Insertion du jeu dans la base de données...[/yellow]
2025-05-13 10:54:47,044 - INFO - [bold green]Game inserted successfully: Touhou Double Focus[/bold green]
2025-05-13 10:54:47,045 - INFO - [yellow]Récupération des détails pour le jeu 1447020...[/yellow]
2025-05-13 10:54:47,045 - ERROR - [red]Erreur lors du traitement d'un jeu: 'NoneType' object has no attribute 'settimeout'[/red]
2025-05-13 10:54:47,474 - INFO - [yellow]Préparation des données pour l'insertion...[/yellow]
2025-05-13 10:54:47,474 - INFO - [yellow]Préparation des données pour l'insertion...[/yellow]
2025-05-13 10:54:47,476 - INFO - [yellow]Récupération des détails pour le jeu 3510...[/yellow]
2025-05-13 10:54:47,483 - INFO - [yellow]Préparation des données pour l'insertion...[/yellow]
2025-05-13 10:54:47,510 - INFO - [yellow]Insertion du jeu dans la base de données...[/yellow]
2025-05-13 10:54:47,514 - INFO - [yellow]Préparation des données pour l'insertion...[/yellow]
2025-05-13 10:54:47,516 - INFO - [yellow]Insertion du jeu dans la base de données...[/yellow]
2025-05-13 10:54:47,518 - WARNING - [yellow]SQL error, attempt 1/3...[/yellow]
2025-05-13 10:54:47,518 - ERROR - [bold red]Error inserting game GyroShooter:[/bold red]
2025-05-13 10:54:47,519 - WARNING - [yellow]Error details: (2014, 'Command Out of Sync')[/yellow]
2025-05-13 10:54:47,519 - ERROR - [red]Error code: Packet sequence number wrong - got 3 expected 1[/red]
2025-05-13 10:54:47,519 - INFO - [yellow]Récupération des détails pour le jeu 1843280...[/yellow]
2025-05-13 10:54:47,520 - ERROR - [red]Erreur lors du traitement d'un jeu: tuple index out of range[/red]
2025-05-13 10:54:47,531 - INFO - [bold green]Game inserted successfully: Vortex Escape[/bold green]
2025-05-13 10:54:47,889 - INFO - [yellow]Préparation des données pour l'insertion...[/yellow]
2025-05-13 10:54:47,892 - INFO - [yellow]Insertion du jeu dans la base de données...[/yellow]
2025-05-13 10:54:47,909 - INFO - [bold green]Game inserted successfully: Amazing Adventures The Lost Tomb™[/bold green]
2025-05-13 10:54:47,919 - INFO - [yellow]Préparation des données pour l'insertion...[/yellow]
2025-05-13 10:54:47,922 - INFO - [yellow]Insertion du jeu dans la base de données...[/yellow]
2025-05-13 10:54:47,936 - INFO - [bold green]Game inserted successfully: Embr - Secret Hosr[/bold green]
2025-05-13 10:54:52,524 - INFO - [yellow]Insertion du jeu dans la base de données...[/yellow]
2025-05-13 10:54:52,538 - INFO - [bold green]Game inserted successfully: NeverRage[/bold green]
2025-05-13 10:54:52,540 - ERROR - [red]Erreur lors du traitement d'un jeu: 'NoneType' object has no attribute 'settimeout'[/red]
2025-05-13 10:54:52,541 - INFO - [blue]Progression: 30/50 jeux traités[/blue]
2025-05-13 10:54:52,542 - INFO - [bold yellow]Traitement du lot 4/5[/bold yellow]
2025-05-13 10:54:52,542 - INFO - [yellow]Récupération des détails pour le jeu 2529520...[/yellow]
2025-05-13 10:54:52,543 - INFO - [yellow]Récupération des détails pour le jeu 2819100...[/yellow]
2025-05-13 10:54:52,544 - INFO - [yellow]Récupération des détails pour le jeu 513920...[/yellow]
2025-05-13 10:54:52,544 - INFO - [yellow]Récupération des détails pour le jeu 1039590...[/yellow]
2025-05-13 10:54:53,067 - INFO - [yellow]Préparation des données pour l'insertion...[/yellow]
2025-05-13 10:54:53,068 - INFO - [yellow]Préparation des données pour l'insertion...[/yellow]
2025-05-13 10:54:53,068 - INFO - [yellow]Préparation des données pour l'insertion...[/yellow]
2025-05-13 10:54:53,069 - INFO - [yellow]Préparation des données pour l'insertion...[/yellow]
2025-05-13 10:54:53,070 - INFO - [yellow]Récupération des détails pour le jeu 421620...[/yellow]
2025-05-13 10:54:53,070 - INFO - [yellow]Récupération des détails pour le jeu 3088750...[/yellow]
2025-05-13 10:54:53,072 - ERROR - [red]Erreur lors du traitement d'un jeu: 'NoneType' object has no attribute 'read'[/red]
2025-05-13 10:54:53,075 - ERROR - [red]Erreur lors du traitement d'un jeu: unpack_from requires a buffer of at least 9 bytes for unpacking 8 bytes at offset 1 (actual buffer size is 5)[/red]
2025-05-13 10:54:53,084 - INFO - [yellow]Insertion du jeu dans la base de données...[/yellow]
2025-05-13 10:54:53,087 - INFO - [yellow]Insertion du jeu dans la base de données...[/yellow]
2025-05-13 10:54:53,099 - INFO - [bold green]Game inserted successfully: Snake-a-roni[/bold green]
2025-05-13 10:54:53,101 - INFO - [yellow]Récupération des détails pour le jeu 544180...[/yellow]
2025-05-13 10:54:53,101 - INFO - [bold green]Game inserted successfully: Desperate Times[/bold green]
2025-05-13 10:54:53,102 - INFO - [yellow]Récupération des détails pour le jeu 865013...[/yellow]
2025-05-13 10:54:53,585 - INFO - [yellow]Préparation des données pour l'insertion...[/yellow]
2025-05-13 10:54:53,610 - INFO - [yellow]Préparation des données pour l'insertion...[/yellow]
2025-05-13 10:54:53,610 - INFO - [yellow]Préparation des données pour l'insertion...[/yellow]
2025-05-13 10:54:53,613 - INFO - [yellow]Insertion du jeu dans la base de données...[/yellow]
2025-05-13 10:54:53,620 - INFO - [yellow]Récupération des détails pour le jeu 1505620...[/yellow]
2025-05-13 10:54:53,648 - INFO - [yellow]Préparation des données pour l'insertion...[/yellow]
2025-05-13 10:54:53,688 - INFO - [bold green]Game inserted successfully: Albert's Ark Idle[/bold green]
2025-05-13 10:54:53,689 - INFO - [yellow]Récupération des détails pour le jeu 3299860...[/yellow]
2025-05-13 10:54:53,692 - INFO - [yellow]Insertion du jeu dans la base de données...[/yellow]
2025-05-13 10:54:53,695 - INFO - [yellow]Insertion du jeu dans la base de données...[/yellow]
2025-05-13 10:54:53,699 - INFO - [bold green]Game inserted successfully: Cognizer - Donation level 4[/bold green]
2025-05-13 10:54:53,706 - INFO - [bold green]Game inserted successfully: Dissonance: An Interactive Novelette[/bold green]
2025-05-13 10:54:53,707 - ERROR - [red]Erreur lors du traitement d'un jeu: 'NoneType' object has no attribute 'settimeout'[/red]
2025-05-13 10:54:54,040 - INFO - [yellow]Préparation des données pour l'insertion...[/yellow]
2025-05-13 10:54:54,042 - INFO - [yellow]Insertion du jeu dans la base de données...[/yellow]
2025-05-13 10:54:54,053 - INFO - [bold green]Game inserted successfully: Waifu Secret[/bold green]
2025-05-13 10:54:54,107 - INFO - [yellow]Préparation des données pour l'insertion...[/yellow]
2025-05-13 10:54:54,116 - INFO - [yellow]Insertion du jeu dans la base de données...[/yellow]
2025-05-13 10:54:54,125 - INFO - [bold green]Game inserted successfully: Kvark - Soundtrack & Wallpapers[/bold green]
2025-05-13 10:54:54,126 - INFO - [blue]Progression: 40/50 jeux traités[/blue]
2025-05-13 10:54:54,127 - INFO - [bold yellow]Traitement du lot 5/5[/bold yellow]
2025-05-13 10:54:54,127 - INFO - [yellow]Récupération des détails pour le jeu 2231421...[/yellow]
2025-05-13 10:54:54,128 - INFO - [yellow]Récupération des détails pour le jeu 746500...[/yellow]
2025-05-13 10:54:54,129 - INFO - [yellow]Récupération des détails pour le jeu 3148170...[/yellow]
2025-05-13 10:54:54,129 - INFO - [yellow]Récupération des détails pour le jeu 561360...[/yellow]
2025-05-13 10:54:54,747 - WARNING - [red]Aucun détail trouvé pour l'ID: 2231421[/red]
2025-05-13 10:54:54,748 - INFO - [yellow]Récupération des détails pour le jeu 900700...[/yellow]
2025-05-13 10:54:54,752 - INFO - [yellow]Préparation des données pour l'insertion...[/yellow]
2025-05-13 10:54:54,763 - INFO - [yellow]Insertion du jeu dans la base de données...[/yellow]
2025-05-13 10:54:54,765 - INFO - [yellow]Préparation des données pour l'insertion...[/yellow]
2025-05-13 10:54:54,766 - INFO - [yellow]Préparation des données pour l'insertion...[/yellow]
2025-05-13 10:54:54,768 - INFO - [yellow]Récupération des détails pour le jeu 2146490...[/yellow]
2025-05-13 10:54:54,769 - WARNING - [yellow]SQL error, attempt 1/3...[/yellow]
2025-05-13 10:54:54,770 - WARNING - [yellow]Error details: Packet sequence number wrong - got 1 expected 2[/yellow]
2025-05-13 10:54:54,772 - INFO - [yellow]Insertion du jeu dans la base de données...[/yellow]
2025-05-13 10:54:54,810 - INFO - [bold green]Game inserted successfully: Wandering Hunter[/bold green]
2025-05-13 10:54:54,811 - INFO - [yellow]Récupération des détails pour le jeu 1703550...[/yellow]
2025-05-13 10:54:55,422 - INFO - [yellow]Préparation des données pour l'insertion...[/yellow]
2025-05-13 10:54:55,426 - INFO - [yellow]Insertion du jeu dans la base de données...[/yellow]
2025-05-13 10:54:55,457 - INFO - [bold green]Game inserted successfully: RIDE 3 - Free Pack 9[/bold green]
2025-05-13 10:54:55,462 - INFO - [yellow]Récupération des détails pour le jeu 606950...[/yellow]
2025-05-13 10:54:55,464 - INFO - [yellow]Préparation des données pour l'insertion...[/yellow]
2025-05-13 10:54:55,468 - INFO - [yellow]Préparation des données pour l'insertion...[/yellow]
2025-05-13 10:54:55,470 - INFO - [yellow]Insertion du jeu dans la base de données...[/yellow]
2025-05-13 10:54:55,471 - INFO - [yellow]Insertion du jeu dans la base de données...[/yellow]
2025-05-13 10:54:55,485 - INFO - [bold green]Game inserted successfully: Swarmcade[/bold green]
2025-05-13 10:54:55,487 - INFO - [yellow]Récupération des détails pour le jeu 3167320...[/yellow]
2025-05-13 10:54:55,490 - INFO - [bold green]Game inserted successfully: Hunyadi Strategy[/bold green]
2025-05-13 10:54:55,491 - INFO - [yellow]Récupération des détails pour le jeu 2108140...[/yellow]
2025-05-13 10:54:56,129 - INFO - [yellow]Préparation des données pour l'insertion...[/yellow]
2025-05-13 10:54:56,134 - INFO - [yellow]Insertion du jeu dans la base de données...[/yellow]
2025-05-13 10:54:56,148 - INFO - [bold green]Game inserted successfully: Army General[/bold green]
2025-05-13 10:54:56,150 - INFO - [yellow]Préparation des données pour l'insertion...[/yellow]
2025-05-13 10:54:56,153 - INFO - [yellow]Insertion du jeu dans la base de données...[/yellow]
2025-05-13 10:54:56,165 - INFO - [bold green]Game inserted successfully: Trainz Plus DLC - Est/Etat 241A Mountain Locomotives[/bold green]
2025-05-13 10:54:56,175 - INFO - [yellow]Préparation des données pour l'insertion...[/yellow]
2025-05-13 10:54:56,178 - INFO - [yellow]Insertion du jeu dans la base de données...[/yellow]
2025-05-13 10:54:56,192 - INFO - [bold green]Game inserted successfully: What Comes Next[/bold green]
2025-05-13 10:54:59,798 - INFO - [yellow]Insertion du jeu dans la base de données...[/yellow]
2025-05-13 10:54:59,868 - INFO - [bold green]Game inserted successfully: Totally Realistic Sledding VR[/bold green]
2025-05-13 10:54:59,870 - ERROR - [red]Erreur lors du traitement d'un jeu: 'NoneType' object has no attribute 'read'[/red]
2025-05-13 10:54:59,871 - INFO - [blue]Progression: 50/50 jeux traités[/blue]
2025-05-13 10:54:59,872 - INFO - 
[bold green]Traitement terminé![/bold green]
2025-05-13 10:54:59,875 - INFO - [blue]Jeux traités: 50[/blue]
2025-05-13 10:54:59,880 - INFO - [blue]Jeux traités avec succès: 36[/blue]
2025-05-13 10:54:59,882 - INFO - [yellow]Closing all database connections...[/yellow]
2025-05-13 10:54:59,889 - INFO - [bold green]All database connections closed.[/bold green]
2025-05-13 10:54:59,892 - INFO - [bold green]Connexion à la base de données fermée.[/bold green]
