2025-05-13 11:01:05,711 - INFO - [bold green]Démarrage du processus d'importation continu...[/bold green]
2025-05-13 11:01:05,711 - INFO - [bold yellow]Initializing database connection pool...[/bold yellow]
2025-05-13 11:01:05,992 - INFO - [bold green]Connection pool initialized with 10 connections![/bold green]
2025-05-13 11:01:05,994 - INFO - 
[bold cyan]Démarrage du cycle 1[/bold cyan]
2025-05-13 11:01:05,995 - INFO - [yellow]Récupération de la liste des jeux depuis l'API Steam...[/yellow]
2025-05-13 11:01:06,777 - INFO - [bold green]Liste des jeux récupérée avec succès![/bold green]
2025-05-13 11:01:06,778 - INFO - [blue]Nombre total de jeux trouvés: 246539[/blue]
2025-05-13 11:01:06,968 - INFO - [yellow]Sélection aléatoire de 50 jeux pour ce cycle.[/yellow]
2025-05-13 11:01:06,969 - INFO - [yellow]Traitement du lot 1/5[/yellow]
2025-05-13 11:01:06,970 - INFO - [yellow]Récupération des détails pour le jeu 3392000...[/yellow]
2025-05-13 11:01:06,970 - INFO - [yellow]Récupération des détails pour le jeu 751890...[/yellow]
2025-05-13 11:01:06,971 - INFO - [yellow]Récupération des détails pour le jeu 1851790...[/yellow]
2025-05-13 11:01:06,972 - INFO - [yellow]Récupération des détails pour le jeu 891460...[/yellow]
2025-05-13 11:01:07,489 - INFO - [yellow]Préparation des données pour l'insertion...[/yellow]
2025-05-13 11:01:07,490 - INFO - [yellow]Préparation des données pour l'insertion...[/yellow]
2025-05-13 11:01:07,492 - INFO - [yellow]Préparation des données pour l'insertion...[/yellow]
2025-05-13 11:01:07,493 - WARNING - [yellow]SQL error, attempt 1/3...[/yellow]
2025-05-13 11:01:07,494 - INFO - [yellow]Préparation des données pour l'insertion...[/yellow]
2025-05-13 11:01:07,495 - WARNING - [yellow]Error details: (2013, 'Lost connection to MySQL server during query')[/yellow]
2025-05-13 11:01:07,495 - INFO - [yellow]Insertion du jeu dans la base de données...[/yellow]
2025-05-13 11:01:07,498 - INFO - [yellow]Insertion du jeu dans la base de données...[/yellow]
2025-05-13 11:01:07,509 - INFO - [bold green]Game inserted successfully: Dungeon Maker[/bold green]
2025-05-13 11:01:07,510 - INFO - [yellow]Récupération des détails pour le jeu 1784520...[/yellow]
2025-05-13 11:01:07,510 - INFO - [bold green]Game inserted successfully: Mischief On Main Street[/bold green]
2025-05-13 11:01:07,511 - INFO - [yellow]Récupération des détails pour le jeu 852930...[/yellow]
2025-05-13 11:01:07,517 - INFO - [yellow]Insertion du jeu dans la base de données...[/yellow]
2025-05-13 11:01:07,525 - INFO - [bold green]Game inserted successfully: Offensive Dimensions: Original Sound Tracks[/bold green]
2025-05-13 11:01:07,526 - INFO - [yellow]Récupération des détails pour le jeu 623790...[/yellow]
2025-05-13 11:01:07,997 - INFO - [yellow]Préparation des données pour l'insertion...[/yellow]
2025-05-13 11:01:08,000 - INFO - [yellow]Insertion du jeu dans la base de données...[/yellow]
2025-05-13 11:01:08,010 - INFO - [bold green]Game inserted successfully: RPG Maker MZ - Magic Shop Animated Interior Pack[/bold green]
2025-05-13 11:01:08,011 - INFO - [yellow]Récupération des détails pour le jeu 3251370...[/yellow]
2025-05-13 11:01:08,034 - INFO - [yellow]Préparation des données pour l'insertion...[/yellow]
2025-05-13 11:01:08,036 - INFO - [yellow]Préparation des données pour l'insertion...[/yellow]
2025-05-13 11:01:08,037 - INFO - [yellow]Récupération des détails pour le jeu 767100...[/yellow]
2025-05-13 11:01:08,068 - INFO - [yellow]Insertion du jeu dans la base de données...[/yellow]
2025-05-13 11:01:08,087 - INFO - [bold green]Game inserted successfully: Fantasy Grounds - Sci-fi Species, Volume 3 (Token Pack)[/bold green]
2025-05-13 11:01:08,088 - INFO - [yellow]Récupération des détails pour le jeu 2341571...[/yellow]
2025-05-13 11:01:08,469 - INFO - [yellow]Préparation des données pour l'insertion...[/yellow]
2025-05-13 11:01:08,473 - INFO - [yellow]Insertion du jeu dans la base de données...[/yellow]
2025-05-13 11:01:08,482 - INFO - [bold green]Game inserted successfully: Lawnmower Game: 2024[/bold green]
2025-05-13 11:01:08,506 - INFO - [yellow]Préparation des données pour l'insertion...[/yellow]
2025-05-13 11:01:08,509 - INFO - [yellow]Insertion du jeu dans la base de données...[/yellow]
2025-05-13 11:01:08,519 - INFO - [bold green]Game inserted successfully: Super Poop[/bold green]
2025-05-13 11:01:08,559 - INFO - [yellow]Préparation des données pour l'insertion...[/yellow]
2025-05-13 11:01:08,561 - INFO - [yellow]Insertion du jeu dans la base de données...[/yellow]
2025-05-13 11:01:08,574 - INFO - [bold green]Game inserted successfully: MechWarrior Online™ - Moonwalker Legendary Mech Pack[/bold green]
2025-05-13 11:01:12,499 - INFO - [yellow]Insertion du jeu dans la base de données...[/yellow]
2025-05-13 11:01:12,512 - INFO - [bold green]Game inserted successfully: captain midnight[/bold green]
2025-05-13 11:01:12,513 - ERROR - [red]Erreur lors du traitement d'un jeu: 'NoneType' object has no attribute 'settimeout'[/red]
2025-05-13 11:01:12,514 - INFO - [blue]Progression du cycle: 10/50 jeux traités[/blue]
2025-05-13 11:01:12,517 - INFO - [yellow]Traitement du lot 2/5[/yellow]
2025-05-13 11:01:12,521 - INFO - [yellow]Récupération des détails pour le jeu 2979150...[/yellow]
2025-05-13 11:01:12,522 - INFO - [yellow]Récupération des détails pour le jeu 3322380...[/yellow]
2025-05-13 11:01:12,526 - INFO - [yellow]Récupération des détails pour le jeu 936060...[/yellow]
2025-05-13 11:01:12,528 - INFO - [yellow]Récupération des détails pour le jeu 777380...[/yellow]
2025-05-13 11:01:13,213 - INFO - [yellow]Préparation des données pour l'insertion...[/yellow]
2025-05-13 11:01:13,220 - INFO - [yellow]Insertion du jeu dans la base de données...[/yellow]
2025-05-13 11:01:13,221 - INFO - [yellow]Préparation des données pour l'insertion...[/yellow]
2025-05-13 11:01:13,222 - INFO - [yellow]Préparation des données pour l'insertion...[/yellow]
2025-05-13 11:01:13,226 - INFO - [yellow]Récupération des détails pour le jeu 1645360...[/yellow]
2025-05-13 11:01:13,228 - INFO - [yellow]Insertion du jeu dans la base de données...[/yellow]
2025-05-13 11:01:13,231 - INFO - [yellow]Préparation des données pour l'insertion...[/yellow]
2025-05-13 11:01:13,253 - INFO - [yellow]Récupération des détails pour le jeu 215241...[/yellow]
2025-05-13 11:01:13,273 - INFO - [bold green]Game inserted successfully: Matchstone[/bold green]
2025-05-13 11:01:13,274 - INFO - [yellow]Récupération des détails pour le jeu 3336440...[/yellow]
2025-05-13 11:01:13,287 - INFO - [yellow]Insertion du jeu dans la base de données...[/yellow]
2025-05-13 11:01:13,297 - INFO - [bold green]Game inserted successfully: 海底寻宝[/bold green]
2025-05-13 11:01:13,299 - INFO - [yellow]Récupération des détails pour le jeu 1668930...[/yellow]
2025-05-13 11:01:13,299 - ERROR - [red]Erreur lors du traitement d'un jeu: 'NoneType' object has no attribute 'settimeout'[/red]
2025-05-13 11:01:13,919 - INFO - [yellow]Préparation des données pour l'insertion...[/yellow]
2025-05-13 11:01:13,922 - INFO - [yellow]Insertion du jeu dans la base de données...[/yellow]
2025-05-13 11:01:13,929 - INFO - [bold green]Game inserted successfully: Minion Masters - Scrat Infestation[/bold green]
2025-05-13 11:01:13,930 - INFO - [yellow]Récupération des détails pour le jeu 3420510...[/yellow]
2025-05-13 11:01:13,970 - INFO - [yellow]Préparation des données pour l'insertion...[/yellow]
2025-05-13 11:01:13,973 - INFO - [yellow]Insertion du jeu dans la base de données...[/yellow]
2025-05-13 11:01:13,980 - INFO - [bold green]Game inserted successfully: Sleeping Dogs: Top Dog Silver Pack[/bold green]
2025-05-13 11:01:13,981 - INFO - [yellow]Récupération des détails pour le jeu 2686360...[/yellow]
2025-05-13 11:01:13,992 - INFO - [yellow]Préparation des données pour l'insertion...[/yellow]
2025-05-13 11:01:13,993 - INFO - [yellow]Préparation des données pour l'insertion...[/yellow]
2025-05-13 11:01:13,995 - INFO - [yellow]Insertion du jeu dans la base de données...[/yellow]
2025-05-13 11:01:13,996 - INFO - [yellow]Insertion du jeu dans la base de données...[/yellow]
2025-05-13 11:01:14,022 - INFO - [bold green]Game inserted successfully: Millivolt[/bold green]
2025-05-13 11:01:14,025 - INFO - [bold green]Game inserted successfully: African Safari[/bold green]
2025-05-13 11:01:14,555 - INFO - [yellow]Préparation des données pour l'insertion...[/yellow]
2025-05-13 11:01:14,559 - INFO - [yellow]Insertion du jeu dans la base de données...[/yellow]
2025-05-13 11:01:14,573 - INFO - [bold green]Game inserted successfully: Hentai Step Milf[/bold green]
2025-05-13 11:01:14,604 - INFO - [yellow]Préparation des données pour l'insertion...[/yellow]
2025-05-13 11:01:14,608 - INFO - [yellow]Insertion du jeu dans la base de données...[/yellow]
2025-05-13 11:01:14,624 - INFO - [bold green]Game inserted successfully: Oh Darling! I Hate To Tell You This...[/bold green]
2025-05-13 11:01:14,626 - INFO - [blue]Progression du cycle: 20/50 jeux traités[/blue]
2025-05-13 11:01:14,627 - INFO - [yellow]Traitement du lot 3/5[/yellow]
2025-05-13 11:01:14,628 - INFO - [yellow]Récupération des détails pour le jeu 1871750...[/yellow]
2025-05-13 11:01:14,630 - INFO - [yellow]Récupération des détails pour le jeu 3060840...[/yellow]
2025-05-13 11:01:14,632 - INFO - [yellow]Récupération des détails pour le jeu 2221850...[/yellow]
2025-05-13 11:01:14,635 - INFO - [yellow]Récupération des détails pour le jeu 1065370...[/yellow]
2025-05-13 11:01:15,324 - INFO - [yellow]Préparation des données pour l'insertion...[/yellow]
2025-05-13 11:01:15,330 - INFO - [yellow]Insertion du jeu dans la base de données...[/yellow]
2025-05-13 11:01:15,331 - INFO - [yellow]Préparation des données pour l'insertion...[/yellow]
2025-05-13 11:01:15,337 - INFO - [yellow]Récupération des détails pour le jeu 3238280...[/yellow]
2025-05-13 11:01:15,341 - ERROR - [red]Erreur lors du traitement d'un jeu: 'NoneType' object has no attribute 'settimeout'[/red]
2025-05-13 11:01:15,343 - INFO - [yellow]Préparation des données pour l'insertion...[/yellow]
2025-05-13 11:01:15,345 - INFO - [yellow]Préparation des données pour l'insertion...[/yellow]
2025-05-13 11:01:15,365 - INFO - [bold green]Game inserted successfully: Samawa Idle - More Stats & Visuals[/bold green]
2025-05-13 11:01:15,366 - INFO - [yellow]Récupération des détails pour le jeu 1519690...[/yellow]
2025-05-13 11:01:15,370 - INFO - [yellow]Insertion du jeu dans la base de données...[/yellow]
2025-05-13 11:01:15,373 - INFO - [yellow]Insertion du jeu dans la base de données...[/yellow]
2025-05-13 11:01:15,375 - ERROR - [bold red]Error inserting game EbiTapes:[/bold red]
2025-05-13 11:01:15,376 - ERROR - [red]Error code: 0[/red]
2025-05-13 11:01:15,376 - ERROR - [red]Error message: [/red]
2025-05-13 11:01:15,377 - INFO - [yellow]Récupération des détails pour le jeu 323220...[/yellow]
2025-05-13 11:01:15,378 - ERROR - [red]Erreur lors du traitement d'un jeu: (0, '')[/red]
2025-05-13 11:01:15,412 - INFO - [bold green]Game inserted successfully: Odysseus Kosmos and his Robot Quest: Digital Deluxe Set[/bold green]
2025-05-13 11:01:15,414 - INFO - [yellow]Récupération des détails pour le jeu 3085600...[/yellow]
2025-05-13 11:01:16,045 - INFO - [yellow]Préparation des données pour l'insertion...[/yellow]
2025-05-13 11:01:16,049 - INFO - [yellow]Insertion du jeu dans la base de données...[/yellow]
2025-05-13 11:01:16,054 - INFO - [yellow]Préparation des données pour l'insertion...[/yellow]
2025-05-13 11:01:16,057 - INFO - [yellow]Récupération des détails pour le jeu 3194090...[/yellow]
2025-05-13 11:01:16,057 - ERROR - [bold red]Error inserting game Detective Support - Grow a Carrot:[/bold red]
2025-05-13 11:01:16,058 - ERROR - [red]Error code: 0[/red]
2025-05-13 11:01:16,059 - ERROR - [red]Error message: [/red]
2025-05-13 11:01:16,061 - INFO - [yellow]Récupération des détails pour le jeu 814360...[/yellow]
2025-05-13 11:01:16,061 - ERROR - [red]Erreur lors du traitement d'un jeu: (0, '')[/red]
2025-05-13 11:01:16,062 - ERROR - [red]Erreur lors du traitement d'un jeu: 'NoneType' object has no attribute 'read'[/red]
2025-05-13 11:01:16,090 - INFO - [yellow]Préparation des données pour l'insertion...[/yellow]
2025-05-13 11:01:16,100 - INFO - [yellow]Préparation des données pour l'insertion...[/yellow]
2025-05-13 11:01:16,111 - INFO - [yellow]Insertion du jeu dans la base de données...[/yellow]
2025-05-13 11:01:16,119 - INFO - [bold green]Game inserted successfully: マーダーミステリーＪ　スペシャルスタンプ　フレディ[/bold green]
2025-05-13 11:01:16,139 - INFO - [yellow]Insertion du jeu dans la base de données...[/yellow]
2025-05-13 11:01:16,149 - INFO - [bold green]Game inserted successfully: Vagante[/bold green]
2025-05-13 11:01:16,709 - INFO - [yellow]Préparation des données pour l'insertion...[/yellow]
2025-05-13 11:01:16,711 - INFO - [yellow]Insertion du jeu dans la base de données...[/yellow]
2025-05-13 11:01:16,722 - INFO - [yellow]Préparation des données pour l'insertion...[/yellow]
2025-05-13 11:01:16,748 - INFO - [yellow]Insertion du jeu dans la base de données...[/yellow]
2025-05-13 11:01:16,766 - INFO - [bold green]Game inserted successfully: Minutes to Midnight[/bold green]
2025-05-13 11:01:16,775 - INFO - [bold green]Game inserted successfully: Mythic Ocean[/bold green]
2025-05-13 11:01:16,777 - INFO - [blue]Progression du cycle: 30/50 jeux traités[/blue]
2025-05-13 11:01:16,778 - INFO - [yellow]Traitement du lot 4/5[/yellow]
2025-05-13 11:01:16,780 - INFO - [yellow]Récupération des détails pour le jeu 870750...[/yellow]
2025-05-13 11:01:16,781 - INFO - [yellow]Récupération des détails pour le jeu 2435290...[/yellow]
2025-05-13 11:01:16,784 - INFO - [yellow]Récupération des détails pour le jeu 1889370...[/yellow]
2025-05-13 11:01:16,786 - INFO - [yellow]Récupération des détails pour le jeu 3309020...[/yellow]
2025-05-13 11:01:17,502 - INFO - [yellow]Préparation des données pour l'insertion...[/yellow]
2025-05-13 11:01:17,516 - INFO - [yellow]Préparation des données pour l'insertion...[/yellow]
2025-05-13 11:01:17,516 - INFO - [yellow]Préparation des données pour l'insertion...[/yellow]
2025-05-13 11:01:17,517 - INFO - [yellow]Préparation des données pour l'insertion...[/yellow]
2025-05-13 11:01:17,519 - INFO - [yellow]Insertion du jeu dans la base de données...[/yellow]
2025-05-13 11:01:17,521 - INFO - [yellow]Récupération des détails pour le jeu 621840...[/yellow]
2025-05-13 11:01:17,522 - ERROR - [red]Erreur lors du traitement d'un jeu: 'NoneType' object has no attribute 'settimeout'[/red]
2025-05-13 11:01:17,523 - INFO - [yellow]Récupération des détails pour le jeu 1715150...[/yellow]
2025-05-13 11:01:17,525 - ERROR - [bold red]Error inserting game 黄昏之城（Town of Dusk）- 捐赠作者 Donate:[/bold red]
2025-05-13 11:01:17,526 - ERROR - [red]Error code: 0[/red]
2025-05-13 11:01:17,528 - ERROR - [red]Error message: [/red]
2025-05-13 11:01:17,529 - INFO - [yellow]Récupération des détails pour le jeu 2679960...[/yellow]
2025-05-13 11:01:17,530 - ERROR - [red]Erreur lors du traitement d'un jeu: (0, '')[/red]
2025-05-13 11:01:17,531 - ERROR - [red]Erreur lors du traitement d'un jeu: 'NoneType' object has no attribute 'read'[/red]
2025-05-13 11:01:17,535 - INFO - [yellow]Insertion du jeu dans la base de données...[/yellow]
2025-05-13 11:01:17,552 - INFO - [bold green]Game inserted successfully: 幸运牌[/bold green]
2025-05-13 11:01:17,553 - INFO - [yellow]Récupération des détails pour le jeu 907910...[/yellow]
2025-05-13 11:01:18,244 - INFO - [yellow]Préparation des données pour l'insertion...[/yellow]
2025-05-13 11:01:18,247 - INFO - [yellow]Préparation des données pour l'insertion...[/yellow]
2025-05-13 11:01:18,249 - INFO - [yellow]Préparation des données pour l'insertion...[/yellow]
2025-05-13 11:01:18,251 - INFO - [yellow]Récupération des détails pour le jeu 968950...[/yellow]
2025-05-13 11:01:18,251 - INFO - [yellow]Préparation des données pour l'insertion...[/yellow]
2025-05-13 11:01:18,255 - INFO - [yellow]Insertion du jeu dans la base de données...[/yellow]
2025-05-13 11:01:18,269 - INFO - [yellow]Insertion du jeu dans la base de données...[/yellow]
2025-05-13 11:01:18,276 - INFO - [bold green]Game inserted successfully: Spooky Ghosts Dot Com - Soundtrack[/bold green]
2025-05-13 11:01:18,277 - INFO - [yellow]Récupération des détails pour le jeu 2963260...[/yellow]
2025-05-13 11:01:18,294 - INFO - [yellow]Insertion du jeu dans la base de données...[/yellow]
2025-05-13 11:01:18,299 - INFO - [bold green]Game inserted successfully: Monster Slayers - Advanced Classes Unlocker[/bold green]
2025-05-13 11:01:18,301 - INFO - [bold green]Game inserted successfully: HUMANKIND™ - Music for the Ages, Vol. II[/bold green]
2025-05-13 11:01:18,302 - ERROR - [red]Erreur lors du traitement d'un jeu: 'NoneType' object has no attribute 'settimeout'[/red]
2025-05-13 11:01:18,892 - INFO - [yellow]Préparation des données pour l'insertion...[/yellow]
2025-05-13 11:01:18,896 - INFO - [yellow]Insertion du jeu dans la base de données...[/yellow]
2025-05-13 11:01:18,901 - INFO - [yellow]Préparation des données pour l'insertion...[/yellow]
2025-05-13 11:01:18,904 - INFO - [yellow]Insertion du jeu dans la base de données...[/yellow]
2025-05-13 11:01:18,910 - INFO - [bold green]Game inserted successfully: Sakura MMO 2[/bold green]
2025-05-13 11:01:18,916 - INFO - [bold green]Game inserted successfully: Madame Fifi's Bakery[/bold green]
2025-05-13 11:01:18,918 - INFO - [blue]Progression du cycle: 40/50 jeux traités[/blue]
2025-05-13 11:01:18,918 - INFO - [yellow]Traitement du lot 5/5[/yellow]
2025-05-13 11:01:18,921 - INFO - [yellow]Récupération des détails pour le jeu 710520...[/yellow]
2025-05-13 11:01:18,923 - INFO - [yellow]Récupération des détails pour le jeu 1699606...[/yellow]
2025-05-13 11:01:18,924 - INFO - [yellow]Récupération des détails pour le jeu 734070...[/yellow]
2025-05-13 11:01:18,926 - INFO - [yellow]Récupération des détails pour le jeu 750870...[/yellow]
2025-05-13 11:01:19,633 - INFO - [yellow]Préparation des données pour l'insertion...[/yellow]
2025-05-13 11:01:19,635 - INFO - [yellow]Préparation des données pour l'insertion...[/yellow]
2025-05-13 11:01:19,637 - INFO - [yellow]Insertion du jeu dans la base de données...[/yellow]
2025-05-13 11:01:19,638 - INFO - [yellow]Insertion du jeu dans la base de données...[/yellow]
2025-05-13 11:01:19,644 - INFO - [yellow]Préparation des données pour l'insertion...[/yellow]
2025-05-13 11:01:19,648 - INFO - [yellow]Préparation des données pour l'insertion...[/yellow]
2025-05-13 11:01:19,667 - INFO - [yellow]Récupération des détails pour le jeu 3162670...[/yellow]
2025-05-13 11:01:19,667 - ERROR - [bold red]Error inserting game Pillars of Eternity - Deadfire Pack:[/bold red]
2025-05-13 11:01:19,669 - ERROR - [red]Error code: 0[/red]
2025-05-13 11:01:19,670 - ERROR - [red]Error message: [/red]
2025-05-13 11:01:19,671 - INFO - [yellow]Récupération des détails pour le jeu 907090...[/yellow]
2025-05-13 11:01:19,683 - WARNING - [yellow]SQL error, attempt 1/3...[/yellow]
2025-05-13 11:01:19,685 - WARNING - [yellow]Error details: (0, '')[/yellow]
2025-05-13 11:01:19,687 - INFO - [yellow]Insertion du jeu dans la base de données...[/yellow]
2025-05-13 11:01:19,704 - INFO - [bold green]Game inserted successfully: Super Trashforce[/bold green]
2025-05-13 11:01:19,706 - INFO - [yellow]Récupération des détails pour le jeu 1856830...[/yellow]
2025-05-13 11:01:19,706 - ERROR - [red]Erreur lors du traitement d'un jeu: 'NoneType' object has no attribute 'settimeout'[/red]
2025-05-13 11:01:19,709 - ERROR - [red]Erreur lors du traitement d'un jeu: (0, '')[/red]
2025-05-13 11:01:20,349 - INFO - [yellow]Préparation des données pour l'insertion...[/yellow]
2025-05-13 11:01:20,362 - INFO - [yellow]Insertion du jeu dans la base de données...[/yellow]
2025-05-13 11:01:20,368 - INFO - [yellow]Préparation des données pour l'insertion...[/yellow]
2025-05-13 11:01:20,372 - INFO - [yellow]Insertion du jeu dans la base de données...[/yellow]
2025-05-13 11:01:20,382 - INFO - [bold green]Game inserted successfully: Cursed Armor[/bold green]
2025-05-13 11:01:20,384 - INFO - [yellow]Récupération des détails pour le jeu 3321440...[/yellow]
2025-05-13 11:01:20,392 - INFO - [bold green]Game inserted successfully: ElbmarKs[/bold green]
2025-05-13 11:01:20,394 - INFO - [yellow]Récupération des détails pour le jeu 1675824...[/yellow]
2025-05-13 11:01:20,445 - INFO - [yellow]Préparation des données pour l'insertion...[/yellow]
2025-05-13 11:01:20,450 - INFO - [yellow]Insertion du jeu dans la base de données...[/yellow]
2025-05-13 11:01:20,461 - INFO - [bold green]Game inserted successfully: PERSEPHONE[/bold green]
2025-05-13 11:01:20,462 - INFO - [yellow]Récupération des détails pour le jeu 3258990...[/yellow]
2025-05-13 11:01:21,058 - INFO - [yellow]Préparation des données pour l'insertion...[/yellow]
2025-05-13 11:01:21,065 - INFO - [yellow]Insertion du jeu dans la base de données...[/yellow]
2025-05-13 11:01:21,085 - INFO - [bold green]Game inserted successfully: Infinity fantasy[/bold green]
2025-05-13 11:01:21,086 - INFO - [yellow]Préparation des données pour l'insertion...[/yellow]
2025-05-13 11:01:21,089 - INFO - [yellow]Insertion du jeu dans la base de données...[/yellow]
2025-05-13 11:01:21,099 - INFO - [bold green]Game inserted successfully: Tiger Tank 59 Ⅰ Air Strike MP095[/bold green]
2025-05-13 11:01:21,100 - INFO - [yellow]Préparation des données pour l'insertion...[/yellow]
2025-05-13 11:01:21,103 - INFO - [yellow]Insertion du jeu dans la base de données...[/yellow]
2025-05-13 11:01:21,110 - INFO - [bold green]Game inserted successfully: Tales From The Under-Realm: Lilith Soundtrack[/bold green]
2025-05-13 11:01:24,689 - INFO - [yellow]Insertion du jeu dans la base de données...[/yellow]
2025-05-13 11:01:24,707 - INFO - [bold green]Game inserted successfully: JumpBall 2[/bold green]
2025-05-13 11:01:24,713 - INFO - [blue]Progression du cycle: 50/50 jeux traités[/blue]
2025-05-13 11:01:24,716 - INFO - 
[bold green]Cycle 1 terminé![/bold green]
2025-05-13 11:01:24,719 - INFO - [blue]Jeux traités dans ce cycle: 50[/blue]
2025-05-13 11:01:24,721 - INFO - [blue]Jeux traités avec succès dans ce cycle: 38[/blue]
2025-05-13 11:01:24,723 - INFO - [bold blue]Total des jeux traités depuis le début: 50[/bold blue]
2025-05-13 11:01:24,726 - INFO - [yellow]Pause de 5 minutes avant le prochain cycle...[/yellow]
2025-05-13 11:01:27,731 - INFO - 
[bold cyan]Démarrage du cycle 2[/bold cyan]
2025-05-13 11:01:27,736 - INFO - [yellow]Récupération de la liste des jeux depuis l'API Steam...[/yellow]
2025-05-13 11:01:28,787 - INFO - [bold green]Liste des jeux récupérée avec succès![/bold green]
2025-05-13 11:01:28,793 - INFO - [blue]Nombre total de jeux trouvés: 246539[/blue]
2025-05-13 11:01:29,220 - INFO - [yellow]Sélection aléatoire de 50 jeux pour ce cycle.[/yellow]
2025-05-13 11:01:29,221 - INFO - [yellow]Traitement du lot 1/5[/yellow]
2025-05-13 11:01:29,223 - INFO - [yellow]Récupération des détails pour le jeu 2387870...[/yellow]
2025-05-13 11:01:29,226 - INFO - [yellow]Récupération des détails pour le jeu 547740...[/yellow]
2025-05-13 11:01:29,228 - INFO - [yellow]Récupération des détails pour le jeu 2823320...[/yellow]
2025-05-13 11:01:29,233 - INFO - [yellow]Récupération des détails pour le jeu 953672...[/yellow]
2025-05-13 11:01:29,959 - INFO - [yellow]Préparation des données pour l'insertion...[/yellow]
2025-05-13 11:01:29,959 - INFO - [yellow]Préparation des données pour l'insertion...[/yellow]
2025-05-13 11:01:29,961 - INFO - [yellow]Préparation des données pour l'insertion...[/yellow]
2025-05-13 11:01:29,963 - INFO - [yellow]Récupération des détails pour le jeu 2679310...[/yellow]
2025-05-13 11:01:29,967 - INFO - [yellow]Insertion du jeu dans la base de données...[/yellow]
2025-05-13 11:01:29,990 - INFO - [yellow]Insertion du jeu dans la base de données...[/yellow]
2025-05-13 11:01:29,991 - INFO - [yellow]Préparation des données pour l'insertion...[/yellow]
2025-05-13 11:01:29,996 - INFO - [bold green]Game inserted successfully: Lords of the Fallen - Starting Boost[/bold green]
2025-05-13 11:01:29,997 - INFO - [yellow]Récupération des détails pour le jeu 3298720...[/yellow]
2025-05-13 11:01:29,998 - INFO - [yellow]Récupération des détails pour le jeu 1214670...[/yellow]
2025-05-13 11:01:30,020 - INFO - [bold green]Game inserted successfully: Across[/bold green]
2025-05-13 11:01:30,022 - INFO - [yellow]Récupération des détails pour le jeu 951660...[/yellow]
2025-05-13 11:01:30,022 - ERROR - [red]Erreur lors du traitement d'un jeu: 'NoneType' object has no attribute 'settimeout'[/red]
2025-05-13 11:01:30,023 - ERROR - [red]Erreur lors du traitement d'un jeu: 'NoneType' object has no attribute 'settimeout'[/red]
2025-05-13 11:01:30,688 - INFO - [yellow]Préparation des données pour l'insertion...[/yellow]
2025-05-13 11:01:30,694 - INFO - [yellow]Préparation des données pour l'insertion...[/yellow]
2025-05-13 11:01:30,695 - INFO - [yellow]Insertion du jeu dans la base de données...[/yellow]
2025-05-13 11:01:30,703 - INFO - [yellow]Récupération des détails pour le jeu 1044234...[/yellow]
2025-05-13 11:01:30,705 - INFO - [yellow]Préparation des données pour l'insertion...[/yellow]
2025-05-13 11:01:30,707 - INFO - [yellow]Préparation des données pour l'insertion...[/yellow]
2025-05-13 11:01:30,708 - INFO - [yellow]Récupération des détails pour le jeu 2350100...[/yellow]
2025-05-13 11:01:30,720 - INFO - [yellow]Insertion du jeu dans la base de données...[/yellow]
2025-05-13 11:01:30,760 - INFO - [bold green]Game inserted successfully: GuildMestar[/bold green]
2025-05-13 11:01:30,762 - ERROR - [red]Erreur lors du traitement d'un jeu: 'NoneType' object has no attribute 'settimeout'[/red]
2025-05-13 11:01:30,762 - ERROR - [red]Erreur lors du traitement d'un jeu: 'NoneType' object has no attribute 'settimeout'[/red]
2025-05-13 11:01:30,763 - ERROR - [red]Erreur lors du traitement d'un jeu: 'NoneType' object has no attribute 'settimeout'[/red]
2025-05-13 11:01:31,343 - INFO - [yellow]Préparation des données pour l'insertion...[/yellow]
2025-05-13 11:01:31,344 - INFO - [yellow]Préparation des données pour l'insertion...[/yellow]
2025-05-13 11:01:31,349 - INFO - [yellow]Insertion du jeu dans la base de données...[/yellow]
2025-05-13 11:01:31,351 - INFO - [yellow]Insertion du jeu dans la base de données...[/yellow]
2025-05-13 11:01:31,359 - INFO - [bold green]Game inserted successfully: Groove Coaster - Saisoku Saikou Shutter Girl[/bold green]
2025-05-13 11:01:31,360 - INFO - [bold green]Game inserted successfully: NPUnrealSample - Download Pack[/bold green]
2025-05-13 11:01:31,362 - INFO - [blue]Progression du cycle: 10/50 jeux traités[/blue]
2025-05-13 11:01:31,363 - INFO - [yellow]Traitement du lot 2/5[/yellow]
2025-05-13 11:01:31,364 - INFO - [yellow]Récupération des détails pour le jeu 3271600...[/yellow]
2025-05-13 11:01:31,367 - INFO - [yellow]Récupération des détails pour le jeu 1152310...[/yellow]
2025-05-13 11:01:31,369 - INFO - [yellow]Récupération des détails pour le jeu 2672050...[/yellow]
2025-05-13 11:01:31,370 - INFO - [yellow]Récupération des détails pour le jeu 550140...[/yellow]
2025-05-13 11:01:32,073 - INFO - [yellow]Préparation des données pour l'insertion...[/yellow]
2025-05-13 11:01:32,075 - WARNING - [red]Aucun détail trouvé pour l'ID: 550140[/red]
2025-05-13 11:01:32,078 - INFO - [yellow]Récupération des détails pour le jeu 2083680...[/yellow]
2025-05-13 11:01:32,079 - INFO - [yellow]Préparation des données pour l'insertion...[/yellow]
2025-05-13 11:01:32,081 - INFO - [yellow]Préparation des données pour l'insertion...[/yellow]
2025-05-13 11:01:32,083 - WARNING - [yellow]SQL error, attempt 1/3...[/yellow]
2025-05-13 11:01:32,085 - INFO - [yellow]Insertion du jeu dans la base de données...[/yellow]
2025-05-13 11:01:32,086 - WARNING - [yellow]Error details: (2013, 'Lost connection to MySQL server during query')[/yellow]
2025-05-13 11:01:32,095 - INFO - [yellow]Insertion du jeu dans la base de données...[/yellow]
2025-05-13 11:01:32,100 - INFO - [bold green]Game inserted successfully: Ashes of Sombtir[/bold green]
2025-05-13 11:01:32,101 - INFO - [yellow]Récupération des détails pour le jeu 3684970...[/yellow]
2025-05-13 11:01:32,107 - INFO - [bold green]Game inserted successfully: Atelier Escha & Logy: Alchemists of the Dusk Sky DX[/bold green]
2025-05-13 11:01:32,108 - INFO - [yellow]Récupération des détails pour le jeu 3058640...[/yellow]
2025-05-13 11:01:32,748 - INFO - [yellow]Préparation des données pour l'insertion...[/yellow]
2025-05-13 11:01:32,753 - INFO - [yellow]Insertion du jeu dans la base de données...[/yellow]
2025-05-13 11:01:32,775 - INFO - [bold green]Game inserted successfully: PegSoli+[/bold green]
2025-05-13 11:01:32,778 - INFO - [yellow]Préparation des données pour l'insertion...[/yellow]
2025-05-13 11:01:32,778 - INFO - [yellow]Récupération des détails pour le jeu 2640370...[/yellow]
2025-05-13 11:01:32,783 - INFO - [yellow]Insertion du jeu dans la base de données...[/yellow]
2025-05-13 11:01:32,797 - INFO - [yellow]Préparation des données pour l'insertion...[/yellow]
2025-05-13 11:01:32,799 - INFO - [yellow]Insertion du jeu dans la base de données...[/yellow]
2025-05-13 11:01:32,807 - INFO - [bold green]Game inserted successfully: WaggaSim[/bold green]
2025-05-13 11:01:32,808 - INFO - [yellow]Récupération des détails pour le jeu 1854270...[/yellow]
2025-05-13 11:01:32,808 - INFO - [bold green]Game inserted successfully: The Void Project: Soundtrack[/bold green]
2025-05-13 11:01:32,810 - INFO - [yellow]Récupération des détails pour le jeu 2058910...[/yellow]
2025-05-13 11:01:33,498 - INFO - [yellow]Préparation des données pour l'insertion...[/yellow]
2025-05-13 11:01:33,503 - INFO - [yellow]Préparation des données pour l'insertion...[/yellow]
2025-05-13 11:01:33,503 - INFO - [yellow]Préparation des données pour l'insertion...[/yellow]
2025-05-13 11:01:33,506 - INFO - [yellow]Insertion du jeu dans la base de données...[/yellow]
2025-05-13 11:01:33,521 - INFO - [yellow]Insertion du jeu dans la base de données...[/yellow]
2025-05-13 11:01:33,523 - ERROR - [bold red]Error inserting game Pixel combat:[/bold red]
2025-05-13 11:01:33,524 - ERROR - [red]Error code: 0[/red]
2025-05-13 11:01:33,525 - ERROR - [red]Error message: [/red]
2025-05-13 11:01:33,554 - INFO - [bold green]Game inserted successfully: 風の祝子 ～早苗さんの妖怪退治～[/bold green]
2025-05-13 11:01:37,095 - INFO - [yellow]Insertion du jeu dans la base de données...[/yellow]
2025-05-13 11:01:37,121 - INFO - [bold green]Game inserted successfully: Air Combat MF - Mini TPS Mission[/bold green]
2025-05-13 11:01:37,125 - ERROR - [red]Erreur lors du traitement d'un jeu: 'NoneType' object has no attribute 'settimeout'[/red]
2025-05-13 11:01:37,131 - ERROR - [red]Erreur lors du traitement d'un jeu: (0, '')[/red]
2025-05-13 11:01:37,134 - INFO - [blue]Progression du cycle: 20/50 jeux traités[/blue]
2025-05-13 11:01:37,136 - INFO - [yellow]Traitement du lot 3/5[/yellow]
2025-05-13 11:01:37,138 - INFO - [yellow]Récupération des détails pour le jeu 340520...[/yellow]
2025-05-13 11:01:37,141 - INFO - [yellow]Récupération des détails pour le jeu 3164130...[/yellow]
2025-05-13 11:01:37,146 - INFO - [yellow]Récupération des détails pour le jeu 5895...[/yellow]
2025-05-13 11:01:37,149 - INFO - [yellow]Récupération des détails pour le jeu 1853770...[/yellow]
2025-05-13 11:01:37,860 - INFO - [yellow]Préparation des données pour l'insertion...[/yellow]
2025-05-13 11:01:37,865 - WARNING - [red]Aucun détail trouvé pour l'ID: 5895[/red]
2025-05-13 11:01:37,867 - INFO - [yellow]Préparation des données pour l'insertion...[/yellow]
2025-05-13 11:01:37,868 - INFO - [yellow]Récupération des détails pour le jeu 2148902...[/yellow]
2025-05-13 11:01:37,869 - INFO - [yellow]Insertion du jeu dans la base de données...[/yellow]
2025-05-13 11:01:37,869 - INFO - [yellow]Préparation des données pour l'insertion...[/yellow]
2025-05-13 11:01:37,872 - WARNING - [yellow]SQL error, attempt 1/3...[/yellow]
2025-05-13 11:01:37,874 - INFO - [yellow]Récupération des détails pour le jeu 3595800...[/yellow]
2025-05-13 11:01:37,874 - WARNING - [yellow]Error details: Packet sequence number wrong - got 1 expected 2[/yellow]
2025-05-13 11:01:37,875 - INFO - [yellow]Insertion du jeu dans la base de données...[/yellow]
2025-05-13 11:01:37,907 - INFO - [bold green]Game inserted successfully: Tallowmere[/bold green]
2025-05-13 11:01:37,908 - INFO - [yellow]Récupération des détails pour le jeu 1914530...[/yellow]
2025-05-13 11:01:38,586 - INFO - [yellow]Préparation des données pour l'insertion...[/yellow]
2025-05-13 11:01:38,594 - INFO - [yellow]Insertion du jeu dans la base de données...[/yellow]
2025-05-13 11:01:38,618 - INFO - [bold green]Game inserted successfully: Cities: Skylines - JADIA Radio[/bold green]
2025-05-13 11:01:38,618 - INFO - [yellow]Récupération des détails pour le jeu 3283530...[/yellow]
2025-05-13 11:01:38,626 - INFO - [yellow]Préparation des données pour l'insertion...[/yellow]
2025-05-13 11:01:38,627 - INFO - [yellow]Préparation des données pour l'insertion...[/yellow]
2025-05-13 11:01:38,629 - INFO - [yellow]Récupération des détails pour le jeu 971340...[/yellow]
2025-05-13 11:01:38,641 - INFO - [yellow]Insertion du jeu dans la base de données...[/yellow]
2025-05-13 11:01:38,658 - INFO - [bold green]Game inserted successfully: ROAD59　A Yakuza’s Last Stand[/bold green]
2025-05-13 11:01:38,659 - INFO - [yellow]Récupération des détails pour le jeu 2645280...[/yellow]
2025-05-13 11:01:39,285 - INFO - [yellow]Préparation des données pour l'insertion...[/yellow]
2025-05-13 11:01:39,292 - INFO - [yellow]Insertion du jeu dans la base de données...[/yellow]
2025-05-13 11:01:39,295 - INFO - [yellow]Préparation des données pour l'insertion...[/yellow]
2025-05-13 11:01:39,298 - INFO - [yellow]Insertion du jeu dans la base de données...[/yellow]
2025-05-13 11:01:39,300 - ERROR - [bold red]Error inserting game Orc Towers VR:[/bold red]
2025-05-13 11:01:39,301 - ERROR - [red]Error code: 0[/red]
2025-05-13 11:01:39,304 - ERROR - [red]Error message: [/red]
2025-05-13 11:01:39,307 - INFO - [yellow]Préparation des données pour l'insertion...[/yellow]
2025-05-13 11:01:39,324 - INFO - [yellow]Insertion du jeu dans la base de données...[/yellow]
2025-05-13 11:01:39,344 - INFO - [bold green]Game inserted successfully: UNCOVER[/bold green]
2025-05-13 11:01:42,883 - INFO - [yellow]Insertion du jeu dans la base de données...[/yellow]
2025-05-13 11:01:42,904 - INFO - [bold green]Game inserted successfully: TUONELA[/bold green]
2025-05-13 11:01:42,906 - ERROR - [red]Erreur lors du traitement d'un jeu: 'NoneType' object has no attribute 'read'[/red]
2025-05-13 11:01:42,906 - ERROR - [red]Erreur lors du traitement d'un jeu: 'NoneType' object has no attribute 'settimeout'[/red]
2025-05-13 11:01:42,907 - ERROR - [red]Erreur lors du traitement d'un jeu: 'NoneType' object has no attribute 'read'[/red]
2025-05-13 11:01:42,908 - ERROR - [red]Erreur lors du traitement d'un jeu: (0, '')[/red]
2025-05-13 11:01:42,908 - INFO - [blue]Progression du cycle: 30/50 jeux traités[/blue]
2025-05-13 11:01:42,909 - INFO - [yellow]Traitement du lot 4/5[/yellow]
2025-05-13 11:01:42,910 - INFO - [yellow]Récupération des détails pour le jeu 223070...[/yellow]
2025-05-13 11:01:42,910 - INFO - [yellow]Récupération des détails pour le jeu 2426210...[/yellow]
2025-05-13 11:01:42,911 - INFO - [yellow]Récupération des détails pour le jeu 1758470...[/yellow]
2025-05-13 11:01:42,912 - INFO - [yellow]Récupération des détails pour le jeu 734865...[/yellow]
2025-05-13 11:01:43,410 - WARNING - [red]Aucun détail trouvé pour l'ID: 223070[/red]
2025-05-13 11:01:43,411 - INFO - [yellow]Récupération des détails pour le jeu 2186970...[/yellow]
2025-05-13 11:01:43,426 - INFO - [yellow]Préparation des données pour l'insertion...[/yellow]
2025-05-13 11:01:43,430 - INFO - [yellow]Insertion du jeu dans la base de données...[/yellow]
2025-05-13 11:01:43,436 - INFO - [yellow]Préparation des données pour l'insertion...[/yellow]
2025-05-13 11:01:43,438 - INFO - [yellow]Insertion du jeu dans la base de données...[/yellow]
2025-05-13 11:01:43,447 - INFO - [bold green]Game inserted successfully: Project UNSEEK[/bold green]
2025-05-13 11:01:43,447 - INFO - [yellow]Récupération des détails pour le jeu 3116960...[/yellow]
2025-05-13 11:01:43,448 - INFO - [bold green]Game inserted successfully: Sim Racing Telemetry - F1 23[/bold green]
2025-05-13 11:01:43,449 - INFO - [yellow]Récupération des détails pour le jeu 2725890...[/yellow]
2025-05-13 11:01:43,466 - INFO - [yellow]Préparation des données pour l'insertion...[/yellow]
2025-05-13 11:01:43,468 - INFO - [yellow]Insertion du jeu dans la base de données...[/yellow]
2025-05-13 11:01:43,497 - INFO - [bold green]Game inserted successfully: Jigsaw Puzzle Pack - Pixel Puzzles Ultimate: Waterfalls[/bold green]
2025-05-13 11:01:43,498 - INFO - [yellow]Récupération des détails pour le jeu 715580...[/yellow]
2025-05-13 11:01:43,901 - INFO - [yellow]Préparation des données pour l'insertion...[/yellow]
2025-05-13 11:01:43,904 - INFO - [yellow]Insertion du jeu dans la base de données...[/yellow]
2025-05-13 11:01:43,928 - INFO - [bold green]Game inserted successfully: The expedition squad[/bold green]
2025-05-13 11:01:43,929 - INFO - [yellow]Récupération des détails pour le jeu 1304870...[/yellow]
2025-05-13 11:01:43,938 - WARNING - [red]Aucun détail trouvé pour l'ID: 3116960[/red]
2025-05-13 11:01:43,939 - INFO - [yellow]Récupération des détails pour le jeu 1700530...[/yellow]
2025-05-13 11:01:43,949 - INFO - [yellow]Préparation des données pour l'insertion...[/yellow]
2025-05-13 11:01:43,951 - INFO - [yellow]Insertion du jeu dans la base de données...[/yellow]
2025-05-13 11:01:43,976 - INFO - [bold green]Game inserted successfully: Cyberpunk men for Cyberpunk sex[/bold green]
2025-05-13 11:01:43,986 - INFO - [yellow]Préparation des données pour l'insertion...[/yellow]
2025-05-13 11:01:43,989 - INFO - [yellow]Insertion du jeu dans la base de données...[/yellow]
2025-05-13 11:01:44,003 - INFO - [bold green]Game inserted successfully: Hoshizora no Memoria -Wish upon a Shooting Star- HD[/bold green]
2025-05-13 11:01:44,406 - INFO - [yellow]Préparation des données pour l'insertion...[/yellow]
2025-05-13 11:01:44,411 - INFO - [yellow]Insertion du jeu dans la base de données...[/yellow]
2025-05-13 11:01:44,413 - INFO - [yellow]Préparation des données pour l'insertion...[/yellow]
2025-05-13 11:01:44,415 - INFO - [yellow]Insertion du jeu dans la base de données...[/yellow]
2025-05-13 11:01:44,420 - INFO - [bold green]Game inserted successfully: Tiger Fighter 1931 MP055[/bold green]
2025-05-13 11:01:44,427 - INFO - [bold green]Game inserted successfully: Motel Murder[/bold green]
2025-05-13 11:01:44,428 - INFO - 
[bold yellow]Arrêt demandé par l'utilisateur. Nettoyage...[/bold yellow]
2025-05-13 11:01:44,428 - INFO - [bold yellow]Arrêt du programme...[/bold yellow]
2025-05-13 11:01:44,433 - INFO - [yellow]Closing all database connections...[/yellow]
2025-05-13 11:01:44,435 - INFO - [bold green]All database connections closed.[/bold green]
2025-05-13 11:01:44,436 - INFO - [bold green]Connexion à la base de données fermée.[/bold green]
2025-05-13 11:01:44,436 - INFO - [bold green]Programme terminé.[/bold green]
