2025-05-13 10:59:07,055 - INFO - [bold green]Démarrage du processus d'importation continu...[/bold green]
2025-05-13 10:59:07,056 - INFO - [bold yellow]Initializing database connection pool...[/bold yellow]
2025-05-13 10:59:07,253 - INFO - [bold green]Connection pool initialized with 10 connections![/bold green]
2025-05-13 10:59:07,255 - INFO - 
[bold cyan]Démarrage du cycle 1[/bold cyan]
2025-05-13 10:59:07,256 - INFO - [yellow]Récupération de la liste des jeux depuis l'API Steam...[/yellow]
2025-05-13 10:59:07,924 - INFO - [bold green]Liste des jeux récupérée avec succès![/bold green]
2025-05-13 10:59:07,924 - INFO - [blue]Nombre total de jeux trouvés: 246539[/blue]
2025-05-13 10:59:08,118 - INFO - [yellow]Sélection aléatoire de 50 jeux pour ce cycle.[/yellow]
2025-05-13 10:59:08,118 - INFO - [yellow]Traitement du lot 1/5[/yellow]
2025-05-13 10:59:08,120 - INFO - [yellow]Récupération des détails pour le jeu 336800...[/yellow]
2025-05-13 10:59:08,120 - INFO - [yellow]Récupération des détails pour le jeu 362610...[/yellow]
2025-05-13 10:59:08,121 - INFO - [yellow]Récupération des détails pour le jeu 898950...[/yellow]
2025-05-13 10:59:08,122 - INFO - [yellow]Récupération des détails pour le jeu 2417990...[/yellow]
2025-05-13 10:59:08,634 - WARNING - [red]Aucun détail trouvé pour l'ID: 336800[/red]
2025-05-13 10:59:08,635 - INFO - [yellow]Récupération des détails pour le jeu 2681630...[/yellow]
2025-05-13 10:59:08,643 - INFO - [yellow]Préparation des données pour l'insertion...[/yellow]
2025-05-13 10:59:08,645 - INFO - [yellow]Insertion du jeu dans la base de données...[/yellow]
2025-05-13 10:59:08,651 - INFO - [yellow]Préparation des données pour l'insertion...[/yellow]
2025-05-13 10:59:08,652 - INFO - [yellow]Préparation des données pour l'insertion...[/yellow]
2025-05-13 10:59:08,653 - INFO - [yellow]Récupération des détails pour le jeu 1103070...[/yellow]
2025-05-13 10:59:08,659 - INFO - [bold green]Game inserted successfully: War and Peace[/bold green]
2025-05-13 10:59:08,660 - INFO - [yellow]Récupération des détails pour le jeu 2201230...[/yellow]
2025-05-13 10:59:08,663 - INFO - [yellow]Insertion du jeu dans la base de données...[/yellow]
2025-05-13 10:59:08,698 - INFO - [bold green]Game inserted successfully: High On Racing[/bold green]
2025-05-13 10:59:08,699 - INFO - [yellow]Récupération des détails pour le jeu 400976...[/yellow]
2025-05-13 10:59:08,699 - ERROR - [red]Erreur lors du traitement d'un jeu: 'NoneType' object has no attribute 'settimeout'[/red]
2025-05-13 10:59:09,143 - INFO - [yellow]Préparation des données pour l'insertion...[/yellow]
2025-05-13 10:59:09,146 - INFO - [yellow]Préparation des données pour l'insertion...[/yellow]
2025-05-13 10:59:09,146 - INFO - [yellow]Insertion du jeu dans la base de données...[/yellow]
2025-05-13 10:59:09,148 - INFO - [yellow]Récupération des détails pour le jeu 1952670...[/yellow]
2025-05-13 10:59:09,164 - INFO - [yellow]Préparation des données pour l'insertion...[/yellow]
2025-05-13 10:59:09,166 - INFO - [yellow]Récupération des détails pour le jeu 5418...[/yellow]
2025-05-13 10:59:09,167 - ERROR - [red]Erreur lors du traitement d'un jeu: 'NoneType' object has no attribute 'settimeout'[/red]
2025-05-13 10:59:09,168 - ERROR - [red]Erreur lors du traitement d'un jeu: 'NoneType' object has no attribute 'read'[/red]
2025-05-13 10:59:09,169 - WARNING - [red]Aucun détail trouvé pour l'ID: 400976[/red]
2025-05-13 10:59:09,193 - INFO - [yellow]Insertion du jeu dans la base de données...[/yellow]
2025-05-13 10:59:09,203 - INFO - [bold green]Game inserted successfully: Belial Red[/bold green]
2025-05-13 10:59:09,574 - INFO - [yellow]Préparation des données pour l'insertion...[/yellow]
2025-05-13 10:59:09,577 - INFO - [yellow]Insertion du jeu dans la base de données...[/yellow]
2025-05-13 10:59:09,582 - WARNING - [red]Aucun détail trouvé pour l'ID: 5418[/red]
2025-05-13 10:59:09,588 - INFO - [bold green]Game inserted successfully: INFEROS NUMINE : descent into darkness[/bold green]
2025-05-13 10:59:09,588 - INFO - [blue]Progression du cycle: 10/50 jeux traités[/blue]
2025-05-13 10:59:09,589 - INFO - [yellow]Traitement du lot 2/5[/yellow]
2025-05-13 10:59:09,590 - INFO - [yellow]Récupération des détails pour le jeu 948720...[/yellow]
2025-05-13 10:59:09,591 - INFO - [yellow]Récupération des détails pour le jeu 2244610...[/yellow]
2025-05-13 10:59:09,592 - INFO - [yellow]Récupération des détails pour le jeu 539690...[/yellow]
2025-05-13 10:59:09,592 - INFO - [yellow]Récupération des détails pour le jeu 3304050...[/yellow]
2025-05-13 10:59:10,084 - WARNING - [red]Aucun détail trouvé pour l'ID: 948720[/red]
2025-05-13 10:59:10,084 - INFO - [yellow]Récupération des détails pour le jeu 1552130...[/yellow]
2025-05-13 10:59:10,090 - INFO - [yellow]Préparation des données pour l'insertion...[/yellow]
2025-05-13 10:59:10,095 - INFO - [yellow]Insertion du jeu dans la base de données...[/yellow]
2025-05-13 10:59:10,103 - INFO - [yellow]Préparation des données pour l'insertion...[/yellow]
2025-05-13 10:59:10,105 - INFO - [yellow]Insertion du jeu dans la base de données...[/yellow]
2025-05-13 10:59:10,113 - INFO - [bold green]Game inserted successfully: The Remains of The Day[/bold green]
2025-05-13 10:59:10,114 - INFO - [yellow]Récupération des détails pour le jeu 897890...[/yellow]
2025-05-13 10:59:10,123 - INFO - [yellow]Préparation des données pour l'insertion...[/yellow]
2025-05-13 10:59:10,124 - INFO - [bold green]Game inserted successfully: Nanomedix Inc[/bold green]
2025-05-13 10:59:10,125 - INFO - [yellow]Récupération des détails pour le jeu 3132160...[/yellow]
2025-05-13 10:59:10,126 - INFO - [yellow]Insertion du jeu dans la base de données...[/yellow]
2025-05-13 10:59:10,136 - INFO - [bold green]Game inserted successfully: 日進月歩[/bold green]
2025-05-13 10:59:10,136 - INFO - [yellow]Récupération des détails pour le jeu 2634130...[/yellow]
2025-05-13 10:59:10,585 - INFO - [yellow]Préparation des données pour l'insertion...[/yellow]
2025-05-13 10:59:10,589 - INFO - [yellow]Insertion du jeu dans la base de données...[/yellow]
2025-05-13 10:59:10,606 - INFO - [bold green]Game inserted successfully: Forgotten Hope[/bold green]
2025-05-13 10:59:10,607 - INFO - [yellow]Récupération des détails pour le jeu 3395330...[/yellow]
2025-05-13 10:59:10,607 - INFO - [yellow]Préparation des données pour l'insertion...[/yellow]
2025-05-13 10:59:10,611 - INFO - [yellow]Insertion du jeu dans la base de données...[/yellow]
2025-05-13 10:59:10,625 - INFO - [bold green]Game inserted successfully: Blade of Arena - 劍鬥界域[/bold green]
2025-05-13 10:59:10,625 - INFO - [yellow]Récupération des détails pour le jeu 3003880...[/yellow]
2025-05-13 10:59:10,632 - INFO - [yellow]Préparation des données pour l'insertion...[/yellow]
2025-05-13 10:59:10,633 - INFO - [yellow]Préparation des données pour l'insertion...[/yellow]
2025-05-13 10:59:10,635 - INFO - [yellow]Insertion du jeu dans la base de données...[/yellow]
2025-05-13 10:59:10,636 - INFO - [yellow]Insertion du jeu dans la base de données...[/yellow]
2025-05-13 10:59:10,645 - INFO - [bold green]Game inserted successfully: Fantasy Grounds - Pathfinder(R) for Savage Worlds: Curse of the Crimson Throne - Book 4: A History of Ashes[/bold green]
2025-05-13 10:59:10,646 - INFO - [bold green]Game inserted successfully: Football Legacy Manager 25[/bold green]
2025-05-13 10:59:11,049 - INFO - [yellow]Préparation des données pour l'insertion...[/yellow]
2025-05-13 10:59:11,052 - INFO - [yellow]Préparation des données pour l'insertion...[/yellow]
2025-05-13 10:59:11,069 - INFO - [yellow]Insertion du jeu dans la base de données...[/yellow]
2025-05-13 10:59:11,078 - INFO - [bold green]Game inserted successfully: MechAnimals[/bold green]
2025-05-13 10:59:11,079 - ERROR - [red]Erreur lors du traitement d'un jeu: 'NoneType' object has no attribute 'settimeout'[/red]
2025-05-13 10:59:11,080 - INFO - [blue]Progression du cycle: 20/50 jeux traités[/blue]
2025-05-13 10:59:11,080 - INFO - [yellow]Traitement du lot 3/5[/yellow]
2025-05-13 10:59:11,082 - INFO - [yellow]Récupération des détails pour le jeu 5290...[/yellow]
2025-05-13 10:59:11,083 - INFO - [yellow]Récupération des détails pour le jeu 2643670...[/yellow]
2025-05-13 10:59:11,084 - INFO - [yellow]Récupération des détails pour le jeu 798060...[/yellow]
2025-05-13 10:59:11,084 - INFO - [yellow]Récupération des détails pour le jeu 3147770...[/yellow]
2025-05-13 10:59:11,607 - WARNING - [red]Aucun détail trouvé pour l'ID: 5290[/red]
2025-05-13 10:59:11,608 - INFO - [yellow]Récupération des détails pour le jeu 809730...[/yellow]
2025-05-13 10:59:11,617 - INFO - [yellow]Préparation des données pour l'insertion...[/yellow]
2025-05-13 10:59:11,620 - INFO - [yellow]Insertion du jeu dans la base de données...[/yellow]
2025-05-13 10:59:11,628 - INFO - [bold green]Game inserted successfully: 女拳主義F-ist！一般向版 Soundtrack[/bold green]
2025-05-13 10:59:11,629 - INFO - [yellow]Récupération des détails pour le jeu 2698620...[/yellow]
2025-05-13 10:59:11,651 - INFO - [yellow]Préparation des données pour l'insertion...[/yellow]
2025-05-13 10:59:11,651 - INFO - [yellow]Préparation des données pour l'insertion...[/yellow]
2025-05-13 10:59:11,652 - INFO - [yellow]Récupération des détails pour le jeu 1359850...[/yellow]
2025-05-13 10:59:11,665 - INFO - [yellow]Insertion du jeu dans la base de données...[/yellow]
2025-05-13 10:59:11,680 - INFO - [bold green]Game inserted successfully: Additional Ymir Costume: Shrine Maiden Outfit[/bold green]
2025-05-13 10:59:11,681 - INFO - [yellow]Récupération des détails pour le jeu 1842670...[/yellow]
2025-05-13 10:59:11,681 - ERROR - [red]Erreur lors du traitement d'un jeu: 'NoneType' object has no attribute 'settimeout'[/red]
2025-05-13 10:59:12,093 - INFO - [yellow]Préparation des données pour l'insertion...[/yellow]
2025-05-13 10:59:12,096 - INFO - [yellow]Insertion du jeu dans la base de données...[/yellow]
2025-05-13 10:59:12,117 - INFO - [bold green]Game inserted successfully: FISHERY[/bold green]
2025-05-13 10:59:12,118 - INFO - [yellow]Récupération des détails pour le jeu 3010060...[/yellow]
2025-05-13 10:59:12,151 - INFO - [yellow]Préparation des données pour l'insertion...[/yellow]
2025-05-13 10:59:12,154 - INFO - [yellow]Préparation des données pour l'insertion...[/yellow]
2025-05-13 10:59:12,157 - INFO - [yellow]Préparation des données pour l'insertion...[/yellow]
2025-05-13 10:59:12,157 - INFO - [yellow]Insertion du jeu dans la base de données...[/yellow]
2025-05-13 10:59:12,157 - INFO - [yellow]Insertion du jeu dans la base de données...[/yellow]
2025-05-13 10:59:12,159 - INFO - [yellow]Récupération des détails pour le jeu 561547...[/yellow]
2025-05-13 10:59:12,178 - ERROR - [red]Erreur lors du traitement d'un jeu: 'NoneType' object has no attribute 'settimeout'[/red]
2025-05-13 10:59:12,220 - INFO - [bold green]Game inserted successfully: Zombies Must Die[/bold green]
2025-05-13 10:59:12,221 - ERROR - [red]Erreur lors du traitement d'un jeu: 'NoneType' object has no attribute 'settimeout'[/red]
2025-05-13 10:59:12,522 - INFO - [yellow]Préparation des données pour l'insertion...[/yellow]
2025-05-13 10:59:12,524 - INFO - [yellow]Insertion du jeu dans la base de données...[/yellow]
2025-05-13 10:59:12,539 - INFO - [bold green]Game inserted successfully: DEATH PLUNDER-亡命掠夺者[/bold green]
2025-05-13 10:59:12,585 - INFO - [yellow]Préparation des données pour l'insertion...[/yellow]
2025-05-13 10:59:12,613 - INFO - [yellow]Insertion du jeu dans la base de données...[/yellow]
2025-05-13 10:59:12,763 - INFO - [bold green]Game inserted successfully: Ayla - Awesomenauts Character[/bold green]
2025-05-13 10:59:12,764 - INFO - [blue]Progression du cycle: 30/50 jeux traités[/blue]
2025-05-13 10:59:12,764 - INFO - [yellow]Traitement du lot 4/5[/yellow]
2025-05-13 10:59:12,765 - INFO - [yellow]Récupération des détails pour le jeu 3293960...[/yellow]
2025-05-13 10:59:12,765 - INFO - [yellow]Récupération des détails pour le jeu 1781190...[/yellow]
2025-05-13 10:59:12,766 - INFO - [yellow]Récupération des détails pour le jeu 959816...[/yellow]
2025-05-13 10:59:12,767 - INFO - [yellow]Récupération des détails pour le jeu 1683420...[/yellow]
2025-05-13 10:59:13,283 - INFO - [yellow]Préparation des données pour l'insertion...[/yellow]
2025-05-13 10:59:13,288 - INFO - [yellow]Préparation des données pour l'insertion...[/yellow]
2025-05-13 10:59:13,289 - INFO - [yellow]Insertion du jeu dans la base de données...[/yellow]
2025-05-13 10:59:13,290 - INFO - [yellow]Préparation des données pour l'insertion...[/yellow]
2025-05-13 10:59:13,291 - INFO - [yellow]Préparation des données pour l'insertion...[/yellow]
2025-05-13 10:59:13,292 - INFO - [yellow]Insertion du jeu dans la base de données...[/yellow]
2025-05-13 10:59:13,293 - INFO - [yellow]Récupération des détails pour le jeu 1094450...[/yellow]
2025-05-13 10:59:13,294 - INFO - [yellow]Insertion du jeu dans la base de données...[/yellow]
2025-05-13 10:59:13,307 - INFO - [yellow]Récupération des détails pour le jeu 968180...[/yellow]
2025-05-13 10:59:13,307 - WARNING - [yellow]SQL error, attempt 1/3...[/yellow]
2025-05-13 10:59:13,308 - WARNING - [yellow]Error details: Packet sequence number wrong - got 1 expected 5[/yellow]
2025-05-13 10:59:13,326 - ERROR - [bold red]Error inserting game IMMORTAL: And the Death that Follows:[/bold red]
2025-05-13 10:59:13,330 - ERROR - [red]Error code: 0[/red]
2025-05-13 10:59:13,331 - ERROR - [red]Error message: [/red]
2025-05-13 10:59:13,331 - INFO - [yellow]Récupération des détails pour le jeu 5748...[/yellow]
2025-05-13 10:59:13,758 - INFO - [yellow]Préparation des données pour l'insertion...[/yellow]
2025-05-13 10:59:13,780 - WARNING - [red]Aucun détail trouvé pour l'ID: 5748[/red]
2025-05-13 10:59:13,782 - INFO - [yellow]Récupération des détails pour le jeu 2247610...[/yellow]
2025-05-13 10:59:13,790 - INFO - [yellow]Préparation des données pour l'insertion...[/yellow]
2025-05-13 10:59:13,792 - WARNING - [yellow]SQL error, attempt 1/3...[/yellow]
2025-05-13 10:59:13,794 - WARNING - [yellow]Error details: (2013, 'Lost connection to MySQL server during query')[/yellow]
2025-05-13 10:59:13,812 - INFO - [yellow]Insertion du jeu dans la base de données...[/yellow]
2025-05-13 10:59:13,821 - INFO - [bold green]Game inserted successfully: Hypatia - Turbo Witch[/bold green]
2025-05-13 10:59:13,822 - INFO - [yellow]Récupération des détails pour le jeu 1436310...[/yellow]
2025-05-13 10:59:14,213 - INFO - [yellow]Préparation des données pour l'insertion...[/yellow]
2025-05-13 10:59:14,219 - INFO - [yellow]Insertion du jeu dans la base de données...[/yellow]
2025-05-13 10:59:14,231 - INFO - [yellow]Préparation des données pour l'insertion...[/yellow]
2025-05-13 10:59:14,233 - ERROR - [bold red]Error inserting game Pretty Hentai Girls:[/bold red]
2025-05-13 10:59:14,234 - ERROR - [red]Error code: 0[/red]
2025-05-13 10:59:14,234 - ERROR - [red]Error message: [/red]
2025-05-13 10:59:14,235 - INFO - [yellow]Récupération des détails pour le jeu 3224330...[/yellow]
2025-05-13 10:59:14,244 - INFO - [yellow]Insertion du jeu dans la base de données...[/yellow]
2025-05-13 10:59:14,253 - INFO - [bold green]Game inserted successfully: Fantasy Grounds - Pathfinder RPG - Chronicles: Seekers of Secrets - A Guide to the Pathfinder Society[/bold green]
2025-05-13 10:59:14,615 - INFO - [yellow]Préparation des données pour l'insertion...[/yellow]
2025-05-13 10:59:14,617 - INFO - [yellow]Insertion du jeu dans la base de données...[/yellow]
2025-05-13 10:59:14,626 - INFO - [bold green]Game inserted successfully: Thunderman - Adventures in another realm[/bold green]
2025-05-13 10:59:18,314 - INFO - [yellow]Insertion du jeu dans la base de données...[/yellow]
2025-05-13 10:59:18,326 - INFO - [bold green]Game inserted successfully: Echoes of Asjud[/bold green]
2025-05-13 10:59:18,327 - ERROR - [red]Erreur lors du traitement d'un jeu: (0, '')[/red]
2025-05-13 10:59:18,328 - ERROR - [red]Erreur lors du traitement d'un jeu: 'NoneType' object has no attribute 'read'[/red]
2025-05-13 10:59:18,824 - INFO - [yellow]Insertion du jeu dans la base de données...[/yellow]
2025-05-13 10:59:18,872 - INFO - [bold green]Game inserted successfully: Spies & Soldiers[/bold green]
2025-05-13 10:59:18,873 - ERROR - [red]Erreur lors du traitement d'un jeu: (0, '')[/red]
2025-05-13 10:59:18,873 - INFO - [blue]Progression du cycle: 40/50 jeux traités[/blue]
2025-05-13 10:59:18,874 - INFO - [yellow]Traitement du lot 5/5[/yellow]
2025-05-13 10:59:18,874 - INFO - [yellow]Récupération des détails pour le jeu 3092040...[/yellow]
2025-05-13 10:59:18,875 - INFO - [yellow]Récupération des détails pour le jeu 1336901...[/yellow]
2025-05-13 10:59:18,877 - INFO - [yellow]Récupération des détails pour le jeu 3229800...[/yellow]
2025-05-13 10:59:18,877 - INFO - [yellow]Récupération des détails pour le jeu 1438980...[/yellow]
2025-05-13 10:59:19,401 - INFO - [yellow]Préparation des données pour l'insertion...[/yellow]
2025-05-13 10:59:19,404 - INFO - [yellow]Préparation des données pour l'insertion...[/yellow]
2025-05-13 10:59:19,405 - INFO - [yellow]Insertion du jeu dans la base de données...[/yellow]
2025-05-13 10:59:19,410 - INFO - [yellow]Préparation des données pour l'insertion...[/yellow]
2025-05-13 10:59:19,413 - INFO - [yellow]Préparation des données pour l'insertion...[/yellow]
2025-05-13 10:59:19,437 - INFO - [yellow]Insertion du jeu dans la base de données...[/yellow]
2025-05-13 10:59:19,439 - ERROR - [bold red]Error inserting game Solasta: Crown of the Magister - Supporter Pack:[/bold red]
2025-05-13 10:59:19,440 - ERROR - [red]Error code: 0[/red]
2025-05-13 10:59:19,442 - ERROR - [red]Error message: [/red]
2025-05-13 10:59:19,443 - INFO - [yellow]Récupération des détails pour le jeu 1958230...[/yellow]
2025-05-13 10:59:19,444 - INFO - [yellow]Récupération des détails pour le jeu 1687854...[/yellow]
2025-05-13 10:59:19,458 - INFO - [bold green]Game inserted successfully: Ultimate Sudoku Collection - Tridoku Pack[/bold green]
2025-05-13 10:59:19,461 - INFO - [yellow]Récupération des détails pour le jeu 739080...[/yellow]
2025-05-13 10:59:19,462 - INFO - [yellow]Insertion du jeu dans la base de données...[/yellow]
2025-05-13 10:59:19,474 - INFO - [bold green]Game inserted successfully: Skull Stompers[/bold green]
2025-05-13 10:59:19,476 - INFO - [yellow]Récupération des détails pour le jeu 326451...[/yellow]
2025-05-13 10:59:19,477 - ERROR - [red]Erreur lors du traitement d'un jeu: 'NoneType' object has no attribute 'read'[/red]
2025-05-13 10:59:19,478 - ERROR - [red]Erreur lors du traitement d'un jeu: (0, '')[/red]
2025-05-13 10:59:20,178 - INFO - [yellow]Préparation des données pour l'insertion...[/yellow]
2025-05-13 10:59:20,178 - WARNING - [red]Aucun détail trouvé pour l'ID: 326451[/red]
2025-05-13 10:59:20,182 - INFO - [yellow]Récupération des détails pour le jeu 2111960...[/yellow]
2025-05-13 10:59:20,187 - INFO - [yellow]Insertion du jeu dans la base de données...[/yellow]
2025-05-13 10:59:20,192 - INFO - [yellow]Préparation des données pour l'insertion...[/yellow]
2025-05-13 10:59:20,192 - INFO - [yellow]Préparation des données pour l'insertion...[/yellow]
2025-05-13 10:59:20,196 - INFO - [yellow]Récupération des détails pour le jeu 17140...[/yellow]
2025-05-13 10:59:20,197 - ERROR - [red]Erreur lors du traitement d'un jeu: 'NoneType' object has no attribute 'read'[/red]
2025-05-13 10:59:20,211 - WARNING - [yellow]SQL error, attempt 1/3...[/yellow]
2025-05-13 10:59:20,212 - WARNING - [yellow]Error details: (2013, 'Lost connection to MySQL server during query')[/yellow]
2025-05-13 10:59:20,227 - INFO - [bold green]Game inserted successfully: Tiger Tank 59 Ⅰ Break The Fog MP045[/bold green]
2025-05-13 10:59:20,813 - INFO - [yellow]Préparation des données pour l'insertion...[/yellow]
2025-05-13 10:59:20,816 - INFO - [yellow]Insertion du jeu dans la base de données...[/yellow]
2025-05-13 10:59:20,828 - INFO - [bold green]Game inserted successfully: MELTY BLOOD: TYPE LUMINA - Neco-Arc Round Announcements[/bold green]
2025-05-13 10:59:20,841 - INFO - [yellow]Préparation des données pour l'insertion...[/yellow]
2025-05-13 10:59:20,844 - INFO - [yellow]Insertion du jeu dans la base de données...[/yellow]
2025-05-13 10:59:20,866 - INFO - [bold green]Game inserted successfully: Hinterland[/bold green]
2025-05-13 10:59:25,218 - INFO - [yellow]Insertion du jeu dans la base de données...[/yellow]
2025-05-13 10:59:25,242 - INFO - [bold green]Game inserted successfully: 9 Monkeys of Shaolin[/bold green]
2025-05-13 10:59:25,247 - INFO - [blue]Progression du cycle: 50/50 jeux traités[/blue]
2025-05-13 10:59:25,252 - INFO - 
[bold green]Cycle 1 terminé![/bold green]
2025-05-13 10:59:25,256 - INFO - [blue]Jeux traités dans ce cycle: 50[/blue]
2025-05-13 10:59:25,259 - INFO - [blue]Jeux traités avec succès dans ce cycle: 30[/blue]
2025-05-13 10:59:25,263 - INFO - [bold blue]Total des jeux traités depuis le début: 50[/bold blue]
2025-05-13 10:59:25,266 - INFO - [yellow]Pause de 5 minutes avant le prochain cycle...[/yellow]
2025-05-13 11:00:21,184 - INFO - 
[bold yellow]Arrêt demandé par l'utilisateur. Nettoyage...[/bold yellow]
2025-05-13 11:00:21,185 - INFO - [bold yellow]Arrêt du programme...[/bold yellow]
2025-05-13 11:00:21,185 - INFO - [yellow]Closing all database connections...[/yellow]
2025-05-13 11:00:21,186 - INFO - [bold green]All database connections closed.[/bold green]
2025-05-13 11:00:21,186 - INFO - [bold green]Connexion à la base de données fermée.[/bold green]
2025-05-13 11:00:21,187 - INFO - [bold green]Programme terminé.[/bold green]
