2025-05-13 10:39:06,218 - INFO - [bold yellow]Récupération de la liste des jeux depuis l'API Steam...[/bold yellow]
2025-05-13 10:39:06,897 - INFO - [bold green]Liste des jeux récupérée avec succès![/bold green]
2025-05-13 10:39:07,544 - INFO - [bold blue]Nombre total de jeux trouvés: 246539[/bold blue]
2025-05-13 10:39:07,555 - INFO - [bold blue]Nombre de jeux avec titre: 246504[/bold blue]
2025-05-13 10:39:07,683 - INFO - [bold blue]Nombre de jeux après filtrage des tests: 207906[/bold blue]
2025-05-13 10:39:07,735 - INFO - [bold yellow]Sélection aléatoire de 50 jeux.[/bold yellow]
2025-05-13 10:39:07,739 - INFO - [bold yellow]Traitement du lot 1/5[/bold yellow]
2025-05-13 10:39:07,740 - INFO - [yellow]Récupération des détails pour le jeu 3271790...[/yellow]
2025-05-13 10:39:07,742 - INFO - [yellow]Récupération des détails pour le jeu 963110...[/yellow]
2025-05-13 10:39:07,743 - INFO - [yellow]Récupération des détails pour le jeu 1549470...[/yellow]
2025-05-13 10:39:07,744 - INFO - [yellow]Récupération des détails pour le jeu 3043760...[/yellow]
2025-05-13 10:39:08,273 - INFO - [yellow]Préparation des données pour l'insertion...[/yellow]
2025-05-13 10:39:08,274 - WARNING - [red]Aucun détail trouvé pour l'ID: 963110[/red]
2025-05-13 10:39:08,275 - INFO - [yellow]Préparation des données pour l'insertion...[/yellow]
2025-05-13 10:39:08,275 - INFO - [yellow]Récupération des détails pour le jeu 3619350...[/yellow]
2025-05-13 10:39:08,276 - INFO - [yellow]Insertion du jeu dans la base de données...[/yellow]
2025-05-13 10:39:08,279 - INFO - [yellow]Préparation des données pour l'insertion...[/yellow]
2025-05-13 10:39:08,279 - INFO - [yellow]Insertion du jeu dans la base de données...[/yellow]
2025-05-13 10:39:08,283 - INFO - [yellow]Récupération des détails pour le jeu 3212120...[/yellow]
2025-05-13 10:39:08,283 - INFO - [yellow]Récupération des détails pour le jeu 2252360...[/yellow]
2025-05-13 10:39:08,284 - ERROR - [red]Erreur lors du traitement d'un jeu: 'NoneType' object has no attribute 'read'[/red]
2025-05-13 10:39:08,285 - INFO - [yellow]Récupération des détails pour le jeu 1100830...[/yellow]
2025-05-13 10:39:08,285 - ERROR - [red]Erreur lors du traitement d'un jeu: (0, '')[/red]
2025-05-13 10:39:08,286 - ERROR - [red]Erreur lors du traitement d'un jeu: 'NoneType' object has no attribute 'settimeout'[/red]
2025-05-13 10:39:08,791 - INFO - [yellow]Préparation des données pour l'insertion...[/yellow]
2025-05-13 10:39:08,794 - INFO - [yellow]Récupération des détails pour le jeu 2193560...[/yellow]
2025-05-13 10:39:08,795 - ERROR - [red]Erreur lors du traitement d'un jeu: (0, '')[/red]
2025-05-13 10:39:08,795 - INFO - [yellow]Préparation des données pour l'insertion...[/yellow]
2025-05-13 10:39:08,796 - INFO - [yellow]Récupération des détails pour le jeu 3058340...[/yellow]
2025-05-13 10:39:08,801 - INFO - [yellow]Préparation des données pour l'insertion...[/yellow]
2025-05-13 10:39:08,802 - ERROR - [red]Erreur lors du traitement d'un jeu: (0, '')[/red]
2025-05-13 10:39:08,802 - ERROR - [red]Erreur lors du traitement d'un jeu: (0, '')[/red]
2025-05-13 10:39:08,818 - WARNING - [red]Aucun détail trouvé pour l'ID: 1100830[/red]
2025-05-13 10:39:09,246 - INFO - [yellow]Préparation des données pour l'insertion...[/yellow]
2025-05-13 10:39:09,260 - INFO - [yellow]Préparation des données pour l'insertion...[/yellow]
2025-05-13 10:39:09,261 - ERROR - [red]Erreur lors du traitement d'un jeu: (0, '')[/red]
2025-05-13 10:39:09,262 - ERROR - [red]Erreur lors du traitement d'un jeu: (0, '')[/red]
2025-05-13 10:39:09,262 - INFO - [blue]Progression: 10/50 jeux traités[/blue]
2025-05-13 10:39:09,263 - INFO - [bold yellow]Traitement du lot 2/5[/bold yellow]
2025-05-13 10:39:09,263 - INFO - [yellow]Récupération des détails pour le jeu 985420...[/yellow]
2025-05-13 10:39:09,263 - INFO - [yellow]Récupération des détails pour le jeu 1287000...[/yellow]
2025-05-13 10:39:09,265 - INFO - [yellow]Récupération des détails pour le jeu 1083800...[/yellow]
2025-05-13 10:39:09,265 - INFO - [yellow]Récupération des détails pour le jeu 1704770...[/yellow]
2025-05-13 10:39:09,785 - INFO - [yellow]Préparation des données pour l'insertion...[/yellow]
2025-05-13 10:39:09,786 - INFO - [yellow]Récupération des détails pour le jeu 1318730...[/yellow]
2025-05-13 10:39:09,792 - INFO - [yellow]Préparation des données pour l'insertion...[/yellow]
2025-05-13 10:39:09,793 - INFO - [yellow]Récupération des détails pour le jeu 777730...[/yellow]
2025-05-13 10:39:09,802 - INFO - [yellow]Préparation des données pour l'insertion...[/yellow]
2025-05-13 10:39:09,803 - INFO - [yellow]Récupération des détails pour le jeu 2796620...[/yellow]
2025-05-13 10:39:09,803 - INFO - [yellow]Préparation des données pour l'insertion...[/yellow]
2025-05-13 10:39:09,805 - INFO - [yellow]Récupération des détails pour le jeu 1479510...[/yellow]
2025-05-13 10:39:09,805 - ERROR - [red]Erreur lors du traitement d'un jeu: (0, '')[/red]
2025-05-13 10:39:09,805 - ERROR - [red]Erreur lors du traitement d'un jeu: (0, '')[/red]
2025-05-13 10:39:09,806 - ERROR - [red]Erreur lors du traitement d'un jeu: (0, '')[/red]
2025-05-13 10:39:09,807 - ERROR - [red]Erreur lors du traitement d'un jeu: (0, '')[/red]
2025-05-13 10:39:10,328 - INFO - [yellow]Préparation des données pour l'insertion...[/yellow]
2025-05-13 10:39:10,328 - INFO - [yellow]Récupération des détails pour le jeu 1802450...[/yellow]
2025-05-13 10:39:10,332 - INFO - [yellow]Préparation des données pour l'insertion...[/yellow]
2025-05-13 10:39:10,333 - INFO - [yellow]Récupération des détails pour le jeu 2966090...[/yellow]
2025-05-13 10:39:10,335 - ERROR - [red]Erreur lors du traitement d'un jeu: (0, '')[/red]
2025-05-13 10:39:10,338 - INFO - [yellow]Préparation des données pour l'insertion...[/yellow]
2025-05-13 10:39:10,338 - INFO - [yellow]Préparation des données pour l'insertion...[/yellow]
2025-05-13 10:39:10,339 - ERROR - [red]Erreur lors du traitement d'un jeu: (0, '')[/red]
2025-05-13 10:39:10,339 - ERROR - [red]Erreur lors du traitement d'un jeu: (0, '')[/red]
2025-05-13 10:39:10,339 - ERROR - [red]Erreur lors du traitement d'un jeu: (0, '')[/red]
2025-05-13 10:39:10,773 - INFO - [yellow]Préparation des données pour l'insertion...[/yellow]
2025-05-13 10:39:10,810 - INFO - [yellow]Préparation des données pour l'insertion...[/yellow]
